<?xml version="1.0" encoding="UTF-8"?>
<testsuite xmlns:xsi="http://www.w3.org/2001/XMLSchema-instance" xsi:noNamespaceSchemaLocation="https://maven.apache.org/surefire/maven-surefire-plugin/xsd/surefire-test-report-3.0.xsd" version="3.0" name="fr.cotedazur.univ.polytech.startingpoint.robots.PowerTest" time="0.101" tests="9" errors="0" skipped="0" failures="0">
  <properties>
[...]
</properties>
  <testcase name="canDestroyDistrict" classname="fr.cotedazur.univ.polytech.startingpoint.robots.PowerTest" time="0.069"/>
  <testcase name="condottiere" classname="fr.cotedazur.univ.polytech.startingpoint.robots.PowerTest" time="0.001">
    <system-err><![CDATA[&amp#27;[37m City of victim : &amp#27;[33m(Palais, 5)&amp#27;[37m,&amp#27;[35m(Cimetiere, 5)&amp#27;[37m,&amp#27;[31m(Prison, 2)&amp#27;[37m,&amp#27;[32m(Taverne, 1)&amp#27;[37m
 &amp#27;[0m&amp#27;[37m destructor destroyed (Palais, 5) of victim and now has 1 golds
 &amp#27;[0m&amp#27;[37m City of victim : &amp#27;[35m(Cimetiere, 5)&amp#27;[37m,&amp#27;[31m(Prison, 2)&amp#27;[37m,&amp#27;[32m(Taverne, 1)&amp#27;[37m
 &amp#27;[0m&amp#27;[37m destructor destroyed (Prison, 2) of victim and now has 0 golds
 &amp#27;[0m&amp#27;[37m City of victim : &amp#27;[35m(Cimetiere, 5)&amp#27;[37m,&amp#27;[32m(Taverne, 1)&amp#27;[37m
 &amp#27;[0m&amp#27;[37m destructor destroyed (Taverne, 1) of victim and now has 0 golds
 &amp#27;[0m&amp#27;[37m City of victim : &amp#27;[35m(Cimetiere, 5)&amp#27;[37m
 &amp#27;[0m&amp#27;[37m destructor can't destroy (Cimetiere, 5) of victim because he is Eveque
 &amp#27;[0m]]></system-err>
  </testcase>
  <testcase name="testCondottiereDetruitBibliotheque" classname="fr.cotedazur.univ.polytech.startingpoint.robots.PowerTest" time="0.001">
    <system-err><![CDATA[&amp#27;[37m City of Victim : &amp#27;[35m(Bibliotheque, 6)&amp#27;[37m
 &amp#27;[0m&amp#27;[37m Condottiere destroyed (Bibliotheque, 6) of Victim and now has 95 golds
 &amp#27;[0m]]></system-err>
  </testcase>
  <testcase name="marchand" classname="fr.cotedazur.univ.polytech.startingpoint.robots.PowerTest" time="0.001">
    <system-err><![CDATA[&amp#27;[37m By being a merchant, marchand earned 1 gold. Total golds now: 3
 &amp#27;[0m]]></system-err>
  </testcase>
  <testcase name="testAssassin" classname="fr.cotedazur.univ.polytech.startingpoint.robots.PowerTest" time="0.001"/>
  <testcase name="testCondottiereWithVictim8District" classname="fr.cotedazur.univ.polytech.startingpoint.robots.PowerTest" time="0.006">
    <system-err><![CDATA[&amp#27;[37m City of Victim : &amp#27;[32m(Port, 4)&amp#27;[37m,&amp#27;[32m(Comptoir, 3)&amp#27;[37m,&amp#27;[31m(Caserne, 3)&amp#27;[37m,&amp#27;[33m(Manoir, 3)&amp#27;[37m,&amp#27;[34m(Monastere, 3)&amp#27;[37m,&amp#27;[34m(Eglise, 2)&amp#27;[37m,&amp#27;[32m(Marche, 2)&amp#27;[37m
 &amp#27;[0m&amp#27;[37m Condottiere destroyed (Port, 4) of Victim and now has 97 golds
 &amp#27;[0m&amp#27;[37m City of Victim : &amp#27;[31m(Forteresse, 5)&amp#27;[37m,&amp#27;[32m(Comptoir, 3)&amp#27;[37m,&amp#27;[31m(Caserne, 3)&amp#27;[37m,&amp#27;[33m(Manoir, 3)&amp#27;[37m,&amp#27;[34m(Monastere, 3)&amp#27;[37m,&amp#27;[34m(Eglise, 2)&amp#27;[37m,&amp#27;[32m(Marche, 2)&amp#27;[37m,&amp#27;[31m(Prison, 2)&amp#27;[37m
 &amp#27;[0m&amp#27;[37m Condottiere can't destroy the districts of Victim because he has only 97 golds or the district is a Donjon or because Victim has already 8 districts
 &amp#27;[0m]]></system-err>
  </testcase>
  <testcase name="testMarchand" classname="fr.cotedazur.univ.polytech.startingpoint.robots.PowerTest" time="0.009"/>
  <testcase name="testCondottiereDetruitObservatoire" classname="fr.cotedazur.univ.polytech.startingpoint.robots.PowerTest" time="0.001">
    <system-err><![CDATA[&amp#27;[37m City of Victim : &amp#27;[35m(Observatoire, 5)&amp#27;[37m
 &amp#27;[0m&amp#27;[37m Condottiere destroyed (Observatoire, 5) of Victim and now has 96 golds
 &amp#27;[0m]]></system-err>
  </testcase>
  <testcase name="tryDestroyDonjon" classname="fr.cotedazur.univ.polytech.startingpoint.robots.PowerTest" time="0.001">
    <system-err><![CDATA[&amp#27;[37m City of victim : &amp#27;[35m(Donjon, 3)&amp#27;[37m
 &amp#27;[0m&amp#27;[37m destructor can't destroy the districts of victim because he has only 5 golds or the district is a Donjon or because victim has already 8 districts
 &amp#27;[0m&amp#27;[37m City of victim : &amp#27;[33m(Chateau, 4)&amp#27;[37m,&amp#27;[35m(Donjon, 3)&amp#27;[37m,&amp#27;[31m(Caserne, 3)&amp#27;[37m
 &amp#27;[0m&amp#27;[37m destructor destroyed (Chateau, 4) of victim and now has 2 golds
 &amp#27;[0m]]></system-err>
  </testcase>
</testsuite>