<?xml version="1.0" encoding="UTF-8"?>
<testsuite xmlns:xsi="http://www.w3.org/2001/XMLSchema-instance" xsi:noNamespaceSchemaLocation="https://maven.apache.org/surefire/maven-surefire-plugin/xsd/surefire-test-report-3.0.xsd" version="3.0" name="fr.cotedazur.univ.polytech.startingpoint.game.GameEngineTest" time="0.2" tests="9" errors="0" skipped="0" failures="0">
  <properties>
[...]
</properties>
  <testcase name="testIsBuiltEigthDistrict_OneRobotHasEightDistricts" classname="fr.cotedazur.univ.polytech.startingpoint.game.GameEngineTest" time="0.046">
    <system-err><![CDATA[&amp#27;[37m Stacy build a new Port because it is the same type as his character.
 &amp#27;[0m&amp#27;[37m Stacy build a new Taverne because it is the same type as his character.
 &amp#27;[0m&amp#27;[37m Stacy build a new Bibliotheque because it is the most frequent type.
 &amp#27;[0m&amp#27;[37m Stacy build a new Cimetiere because it is the most frequent type.
 &amp#27;[0m&amp#27;[37m Stacy build a new Palais because it is the most frequent type.
 &amp#27;[0m&amp#27;[37m Stacy build a new Chateau because it is the most frequent type.
 &amp#27;[0m&amp#27;[37m Stacy build a new Manoir because it is the most frequent type.
 &amp#27;[0m&amp#27;[37m Stacy build a new Prison because it is the most frequent type.
 &amp#27;[0m]]></system-err>
  </testcase>
  <testcase name="testassignCrown" classname="fr.cotedazur.univ.polytech.startingpoint.game.GameEngineTest" time="0.018">
    <system-err><![CDATA[&amp#27;[37m Destroyed character: &amp#27;[37;1mArchitecte&amp#27;[37m
 &amp#27;[0m&amp#27;[37m Destroyed character: &amp#27;[37;1mMagicien&amp#27;[37m
 &amp#27;[0m&amp#27;[37m Destroyed character: &amp#27;[34mEveque&amp#27;[37m
 &amp#27;[0m&amp#27;[37m Sara Picked &amp#27;[37;1mVoleur&amp#27;[37m
 &amp#27;[0m&amp#27;[37m Stacy Picked &amp#27;[31mCondottiere&amp#27;[37m
 &amp#27;[0m&amp#27;[37m Nora Picked &amp#27;[37;1mAssassin&amp#27;[37m
 &amp#27;[0m&amp#27;[37m Alban Picked &amp#27;[33mRoi&amp#27;[37m
 &amp#27;[0m&amp#27;[37m Richardo Picked &amp#27;[32mMarchand&amp#27;[37m
 &amp#27;[0m]]></system-err>
  </testcase>
  <testcase name="testClearBots" classname="fr.cotedazur.univ.polytech.startingpoint.game.GameEngineTest" time="0.001"/>
  <testcase name="testAddRobot" classname="fr.cotedazur.univ.polytech.startingpoint.game.GameEngineTest" time="0.001"/>
  <testcase name="testInitializeBots" classname="fr.cotedazur.univ.polytech.startingpoint.game.GameEngineTest" time="0.001"/>
  <testcase name="testRobotPickCharacters" classname="fr.cotedazur.univ.polytech.startingpoint.game.GameEngineTest" time="0.004">
    <system-err><![CDATA[&amp#27;[37m Destroyed character: &amp#27;[34mEveque&amp#27;[37m
 &amp#27;[0m&amp#27;[37m Destroyed character: &amp#27;[37;1mAssassin&amp#27;[37m
 &amp#27;[0m&amp#27;[37m Destroyed character: &amp#27;[37;1mMagicien&amp#27;[37m
 &amp#27;[0m&amp#27;[37m Sara Picked &amp#27;[37;1mVoleur&amp#27;[37m
 &amp#27;[0m&amp#27;[37m Stacy Picked &amp#27;[32mMarchand&amp#27;[37m
 &amp#27;[0m&amp#27;[37m Nora Picked &amp#27;[31mCondottiere&amp#27;[37m
 &amp#27;[0m&amp#27;[37m Alban Picked &amp#27;[33mRoi&amp#27;[37m
 &amp#27;[0m&amp#27;[37m Richardo Picked &amp#27;[37;1mArchitecte&amp#27;[37m
 &amp#27;[0m]]></system-err>
  </testcase>
  <testcase name="testOnlyOneCharacterLeftAfterCharactersPicked" classname="fr.cotedazur.univ.polytech.startingpoint.game.GameEngineTest" time="0.003">
    <system-err><![CDATA[&amp#27;[37m Destroyed character: &amp#27;[37;1mArchitecte&amp#27;[37m
 &amp#27;[0m&amp#27;[37m Destroyed character: &amp#27;[37;1mMagicien&amp#27;[37m
 &amp#27;[0m&amp#27;[37m Destroyed character: &amp#27;[34mEveque&amp#27;[37m
 &amp#27;[0m&amp#27;[37m Destroyed character: &amp#27;[37;1mArchitecte&amp#27;[37m
 &amp#27;[0m&amp#27;[37m Destroyed character: &amp#27;[37;1mAssassin&amp#27;[37m
 &amp#27;[0m&amp#27;[37m Destroyed character: &amp#27;[34mEveque&amp#27;[37m
 &amp#27;[0m]]></system-err>
  </testcase>
  <testcase name="testDestroyCharacters" classname="fr.cotedazur.univ.polytech.startingpoint.game.GameEngineTest" time="0.001">
    <system-err><![CDATA[&amp#27;[37m Destroyed character: &amp#27;[31mCondottiere&amp#27;[37m
 &amp#27;[0m&amp#27;[37m Destroyed character: &amp#27;[37;1mArchitecte&amp#27;[37m
 &amp#27;[0m&amp#27;[37m Destroyed character: &amp#27;[34mEveque&amp#27;[37m
 &amp#27;[0m]]></system-err>
  </testcase>
  <testcase name="testGameTurns" classname="fr.cotedazur.univ.polytech.startingpoint.game.GameEngineTest" time="0.112">
    <system-err><![CDATA[&amp#27;[37m Destroyed character: &amp#27;[37;1mArchitecte&amp#27;[37m
 &amp#27;[0m&amp#27;[37m Destroyed character: &amp#27;[37;1mAssassin&amp#27;[37m
 &amp#27;[0m&amp#27;[37m Destroyed character: &amp#27;[37;1mMagicien&amp#27;[37m
 &amp#27;[0m&amp#27;[37m Sara Picked &amp#27;[37;1mVoleur&amp#27;[37m
 &amp#27;[0m&amp#27;[37m Stacy Picked &amp#27;[31mCondottiere&amp#27;[37m
 &amp#27;[0m&amp#27;[37m Nora Picked &amp#27;[32mMarchand&amp#27;[37m
 &amp#27;[0m&amp#27;[37m Alban Picked &amp#27;[33mRoi&amp#27;[37m
 &amp#27;[0m&amp#27;[37m Richardo Picked &amp#27;[34mEveque&amp#27;[37m
 &amp#27;[0m&amp#27;[37m =============================================================================GAME IS STARTING====================================================================

 &amp#27;[0m&amp#27;[37m Alban has crown and start the call of the characters
 &amp#27;[0m&amp#27;[37m Destroyed character: &amp#27;[31mCondottiere&amp#27;[37m
 &amp#27;[0m&amp#27;[37m Destroyed character: &amp#27;[37;1mArchitecte&amp#27;[37m
 &amp#27;[0m&amp#27;[37m Destroyed character: &amp#27;[32mMarchand&amp#27;[37m
 &amp#27;[0m&amp#27;[37m Alban With crown Picked &amp#27;[37;1mMagicien&amp#27;[37m
 &amp#27;[0m&amp#27;[37m Nora Picked &amp#27;[37;1mAssassin&amp#27;[37m
 &amp#27;[0m&amp#27;[37m Stacy Picked &amp#27;[34mEveque&amp#27;[37m
 &amp#27;[0m&amp#27;[37m Sara Picked &amp#27;[37;1mVoleur&amp#27;[37m
 &amp#27;[0m&amp#27;[37m Richardo Picked &amp#27;[33mRoi&amp#27;[37m
 &amp#27;[0m&amp#27;[37m &amp#27;[32m++++++++++++++++++++++++++++++++++++++++++++++++++++++++++++Turn 1 is starting&amp#27;[32m+++++++++++++++++++++++++++++++++++++++++++++++++++++++++++++++++

 &amp#27;[0m&amp#27;[37m &amp#27;[32m------------------------------------------------------------The turn of Nora is starting -----------------------------------------------------

 &amp#27;[0m&amp#27;[37m &amp#27;[37m[Status of Nora : role (&amp#27;[37;1mAssassin&amp#27;[37m), &amp#27;[33m2 golds&amp#27;[37m, hand {(&amp#27;[34mCathedrale,5&amp#27;[37m)(&amp#27;[32mHotel de ville,5&amp#27;[37m)(&amp#27;[32mTaverne,1&amp#27;[37m)(&amp#27;[34mTemple,1&amp#27;[37m)}, city {}]
 &amp#27;[0m&amp#27;[37m Nora chose to kill Roi
 &amp#27;[0m&amp#27;[37m Nora earned &amp#27;[33m2 golds &amp#27;[37m. Total golds now: 4
 &amp#27;[0m&amp#27;[37m Nora built Taverne based on cost-efficiency and scoring potential
 &amp#27;[0m&amp#27;[37m Nora built a new Taverne and now has 3 golds and has in hand: 3 districts
 &amp#27;[0m&amp#27;[37m &amp#27;[37m[Status of Nora : role (&amp#27;[37;1mAssassin&amp#27;[37m), &amp#27;[33m3 golds&amp#27;[37m, hand {(&amp#27;[34mCathedrale,5&amp#27;[37m)(&amp#27;[32mHotel de ville,5&amp#27;[37m)(&amp#27;[34mTemple,1&amp#27;[37m)}, city {(&amp#27;[32mTaverne,1&amp#27;[37m)}]
 &amp#27;[0m&amp#27;[37m 
&amp#27;[32m  ------------------------------------------------------------The turn of Nora is over ------------------------------------------------------------------
 &amp#27;[0m&amp#27;[37m &amp#27;[32m------------------------------------------------------------The turn of Sara is starting -----------------------------------------------------

 &amp#27;[0m&amp#27;[37m &amp#27;[37m[Status of Sara : role (&amp#27;[37;1mVoleur&amp#27;[37m), &amp#27;[33m2 golds&amp#27;[37m, hand {(&amp#27;[34mMonastere,3&amp#27;[37m)(&amp#27;[33mManoir,3&amp#27;[37m)(&amp#27;[35mCour des miracles,2&amp#27;[37m)(&amp#27;[33mPalais,5&amp#27;[37m)}, city {}]
 &amp#27;[0m&amp#27;[37m Sara chose to steal from Architecte
 &amp#27;[0m&amp#27;[37m Sara earned &amp#27;[33m2 golds &amp#27;[37m. Total golds now: 4
 &amp#27;[0m&amp#27;[37m Sara is aiming for 5 colors bonus 
 &amp#27;[0m&amp#27;[37m Sara built a new Monastere and now has 1 golds and has in hand: 3 districts
 &amp#27;[0m&amp#27;[37m &amp#27;[37m[Status of Sara : role (&amp#27;[37;1mVoleur&amp#27;[37m), &amp#27;[33m1 golds&amp#27;[37m, hand {(&amp#27;[33mManoir,3&amp#27;[37m)(&amp#27;[35mCour des miracles,2&amp#27;[37m)(&amp#27;[33mPalais,5&amp#27;[37m)}, city {(&amp#27;[34mMonastere,3&amp#27;[37m)}]
 &amp#27;[0m&amp#27;[37m 
&amp#27;[32m  ------------------------------------------------------------The turn of Sara is over ------------------------------------------------------------------
 &amp#27;[0m&amp#27;[37m &amp#27;[32m------------------------------------------------------------The turn of Alban is starting -----------------------------------------------------

 &amp#27;[0m&amp#27;[37m &amp#27;[37m[Status of Alban : role (&amp#27;[37;1mMagicien&amp#27;[37m), &amp#27;[33m2 golds&amp#27;[37m, hand {(&amp#27;[32mTaverne,1&amp#27;[37m)(&amp#27;[35mDracoport,6&amp#27;[37m)(&amp#27;[33mManoir,3&amp#27;[37m)(&amp#27;[32mTaverne,1&amp#27;[37m)}, city {}]
 &amp#27;[0m&amp#27;[37m Alban earned &amp#27;[33m2 golds &amp#27;[37m. Total golds now: 4
 &amp#27;[0m&amp#27;[37m Alban built a new Taverne and now has 3 golds and has in hand: 3 districts
 &amp#27;[0m&amp#27;[37m &amp#27;[37m[Status of Alban : role (&amp#27;[37;1mMagicien&amp#27;[37m), &amp#27;[33m3 golds&amp#27;[37m, hand {(&amp#27;[32mEchoppe,2&amp#27;[37m)(&amp#27;[33mManoir,3&amp#27;[37m)(&amp#27;[32mMarche,2&amp#27;[37m)}, city {(&amp#27;[32mTaverne,1&amp#27;[37m)}]
 &amp#27;[0m&amp#27;[37m 
&amp#27;[32m  ------------------------------------------------------------The turn of Alban is over ------------------------------------------------------------------
 &amp#27;[0m&amp#27;[37m Richardo has been killed so Richardo's turn is skipped
 &amp#27;[0m&amp#27;[37m &amp#27;[32m------------------------------------------------------------The turn of Stacy is starting -----------------------------------------------------

 &amp#27;[0m&amp#27;[37m &amp#27;[37m[Status of Stacy : role (&amp#27;[34mEveque&amp#27;[37m), &amp#27;[33m2 golds&amp#27;[37m, hand {(&amp#27;[31mPrison,2&amp#27;[37m)(&amp#27;[32mHotel de ville,5&amp#27;[37m)(&amp#27;[31mForteresse,5&amp#27;[37m)(&amp#27;[31mTour de guet,1&amp#27;[37m)}, city {}]
 &amp#27;[0m&amp#27;[37m Stacy chose Chateau because it is a special district and the most expensive and is not in his hand or city.
 &amp#27;[0m&amp#27;[37m Stacy drew the following cards : {&amp#27;[31m(Prison, 2)&amp#27;[37m,&amp#27;[33m(Chateau, 4)&amp#27;[37m}
 &amp#27;[0m&amp#27;[37m Stacy choose to pick : {&amp#27;[33m(Chateau, 4)&amp#27;[37m}
 &amp#27;[0m&amp#27;[37m Stacy has now in hand: 5 districts
 &amp#27;[0m&amp#27;[37m Stacy build a new Prison because it is the most frequent type.
 &amp#27;[0m&amp#27;[37m Stacy built a new Prison and now has 0 golds and has in hand: 4 districts
 &amp#27;[0m&amp#27;[37m &amp#27;[37m[Status of Stacy : role (&amp#27;[34mEveque&amp#27;[37m), &amp#27;[33m0 golds&amp#27;[37m, hand {(&amp#27;[32mHotel de ville,5&amp#27;[37m)(&amp#27;[31mForteresse,5&amp#27;[37m)(&amp#27;[31mTour de guet,1&amp#27;[37m)(&amp#27;[33mChateau,4&amp#27;[37m)}, city {(&amp#27;[31mPrison,2&amp#27;[37m)}]
 &amp#27;[0m&amp#27;[37m 
&amp#27;[32m  ------------------------------------------------------------The turn of Stacy is over ------------------------------------------------------------------
 &amp#27;[0m&amp#27;[37m &amp#27;[32m++++++++++++++++++++++++++++++++++++++++++++++++++++++++++++Turn 1 is over&amp#27;[32m+++++++++++++++++++++++++++++++++++++++++++++++++++++++++++++++++

 &amp#27;[0m&amp#27;[37m Richardo has crown and start the call of the characters
 &amp#27;[0m&amp#27;[37m Destroyed character: &amp#27;[31mCondottiere&amp#27;[37m
 &amp#27;[0m&amp#27;[37m Destroyed character: &amp#27;[37;1mMagicien&amp#27;[37m
 &amp#27;[0m&amp#27;[37m Destroyed character: &amp#27;[34mEveque&amp#27;[37m
 &amp#27;[0m&amp#27;[37m Richardo With crown Picked &amp#27;[32mMarchand&amp#27;[37m
 &amp#27;[0m&amp#27;[37m Nora predicts opponents might choose Eveque next
 &amp#27;[0m&amp#27;[37m Nora Picked &amp#27;[37;1mAssassin&amp#27;[37m
 &amp#27;[0m&amp#27;[37m Sara Picked &amp#27;[37;1mVoleur&amp#27;[37m
 &amp#27;[0m&amp#27;[37m Alban Picked &amp#27;[37;1mArchitecte&amp#27;[37m
 &amp#27;[0m&amp#27;[37m Stacy Picked &amp#27;[33mRoi&amp#27;[37m
 &amp#27;[0m&amp#27;[37m &amp#27;[32m++++++++++++++++++++++++++++++++++++++++++++++++++++++++++++Turn 2 is starting&amp#27;[32m+++++++++++++++++++++++++++++++++++++++++++++++++++++++++++++++++

 &amp#27;[0m&amp#27;[37m &amp#27;[32m------------------------------------------------------------The turn of Nora is starting -----------------------------------------------------

 &amp#27;[0m&amp#27;[37m &amp#27;[37m[Status of Nora : role (&amp#27;[37;1mAssassin&amp#27;[37m), &amp#27;[33m3 golds&amp#27;[37m, hand {(&amp#27;[34mCathedrale,5&amp#27;[37m)(&amp#27;[32mHotel de ville,5&amp#27;[37m)(&amp#27;[34mTemple,1&amp#27;[37m)}, city {(&amp#27;[32mTaverne,1&amp#27;[37m)}]
 &amp#27;[0m&amp#27;[37m Nora chose to kill Roi
 &amp#27;[0m&amp#27;[37m Nora earned &amp#27;[33m2 golds &amp#27;[37m. Total golds now: 5
 &amp#27;[0m&amp#27;[37m Nora built Cathedrale based on cost-efficiency and scoring potential
 &amp#27;[0m&amp#27;[37m Nora built a new Cathedrale and now has 0 golds and has in hand: 2 districts
 &amp#27;[0m&amp#27;[37m &amp#27;[37m[Status of Nora : role (&amp#27;[37;1mAssassin&amp#27;[37m), &amp#27;[33m0 golds&amp#27;[37m, hand {(&amp#27;[32mHotel de ville,5&amp#27;[37m)(&amp#27;[34mTemple,1&amp#27;[37m)}, city {(&amp#27;[32mTaverne,1&amp#27;[37m)(&amp#27;[34mCathedrale,5&amp#27;[37m)}]
 &amp#27;[0m&amp#27;[37m 
&amp#27;[32m  ------------------------------------------------------------The turn of Nora is over ------------------------------------------------------------------
 &amp#27;[0m&amp#27;[37m &amp#27;[32m------------------------------------------------------------The turn of Sara is starting -----------------------------------------------------

 &amp#27;[0m&amp#27;[37m &amp#27;[37m[Status of Sara : role (&amp#27;[37;1mVoleur&amp#27;[37m), &amp#27;[33m1 golds&amp#27;[37m, hand {(&amp#27;[33mManoir,3&amp#27;[37m)(&amp#27;[35mCour des miracles,2&amp#27;[37m)(&amp#27;[33mPalais,5&amp#27;[37m)}, city {(&amp#27;[34mMonastere,3&amp#27;[37m)}]
 &amp#27;[0m&amp#27;[37m Sara chose to steal from Magicien
 &amp#27;[0m&amp#27;[37m Sara earned &amp#27;[33m2 golds &amp#27;[37m. Total golds now: 3
 &amp#27;[0m&amp#27;[37m Sara is aiming for 5 colors bonus 
 &amp#27;[0m&amp#27;[37m Sara built a new Manoir and now has 0 golds and has in hand: 2 districts
 &amp#27;[0m&amp#27;[37m &amp#27;[37m[Status of Sara : role (&amp#27;[37;1mVoleur&amp#27;[37m), &amp#27;[33m0 golds&amp#27;[37m, hand {(&amp#27;[35mCour des miracles,2&amp#27;[37m)(&amp#27;[33mPalais,5&amp#27;[37m)}, city {(&amp#27;[34mMonastere,3&amp#27;[37m)(&amp#27;[33mManoir,3&amp#27;[37m)}]
 &amp#27;[0m&amp#27;[37m 
&amp#27;[32m  ------------------------------------------------------------The turn of Sara is over ------------------------------------------------------------------
 &amp#27;[0m&amp#27;[37m Stacy has been killed so Stacy's turn is skipped
 &amp#27;[0m&amp#27;[37m &amp#27;[32m------------------------------------------------------------The turn of Richardo is starting -----------------------------------------------------

 &amp#27;[0m&amp#27;[37m &amp#27;[37m[Status of Richardo : role (&amp#27;[32mMarchand&amp#27;[37m), &amp#27;[33m2 golds&amp#27;[37m, hand {(&amp#27;[34mCathedrale,5&amp#27;[37m)(&amp#27;[31mTour de guet,1&amp#27;[37m)(&amp#27;[32mPort,4&amp#27;[37m)(&amp#27;[33mChateau,4&amp#27;[37m)}, city {}]
 &amp#27;[0m&amp#27;[37m By being a merchant, Richardo earned 1 gold. Total golds now: 3
 &amp#27;[0m&amp#27;[37m Richardo earned &amp#27;[33m2 golds &amp#27;[37m. Total golds now: 5
 &amp#27;[0m&amp#27;[37m Richardo built a new Port and now has 1 golds and has in hand: 3 districts
 &amp#27;[0m&amp#27;[37m Richardo has won 1 golds by marchand buildings and has now 2 golds
 &amp#27;[0m&amp#27;[37m &amp#27;[37m[Status of Richardo : role (&amp#27;[32mMarchand&amp#27;[37m), &amp#27;[33m2 golds&amp#27;[37m, hand {(&amp#27;[34mCathedrale,5&amp#27;[37m)(&amp#27;[31mTour de guet,1&amp#27;[37m)(&amp#27;[33mChateau,4&amp#27;[37m)}, city {(&amp#27;[32mPort,4&amp#27;[37m)}]
 &amp#27;[0m&amp#27;[37m 
&amp#27;[32m  ------------------------------------------------------------The turn of Richardo is over ------------------------------------------------------------------
 &amp#27;[0m&amp#27;[37m &amp#27;[32m------------------------------------------------------------The turn of Alban is starting -----------------------------------------------------

 &amp#27;[0m&amp#27;[37m &amp#27;[37m[Status of Alban : role (&amp#27;[37;1mArchitecte&amp#27;[37m), &amp#27;[33m3 golds&amp#27;[37m, hand {(&amp#27;[32mEchoppe,2&amp#27;[37m)(&amp#27;[33mManoir,3&amp#27;[37m)(&amp#27;[32mMarche,2&amp#27;[37m)}, city {(&amp#27;[32mTaverne,1&amp#27;[37m)}]
 &amp#27;[0m&amp#27;[37m Alban drew the following cards : {&amp#27;[32m(Marche, 2)&amp#27;[37m,&amp#27;[32m(Taverne, 1)&amp#27;[37m,&amp#27;[34m(Temple, 1)&amp#27;[37m,&amp#27;[34m(Eglise, 2)&amp#27;[37m}
 &amp#27;[0m&amp#27;[37m Alban choose to pick : {&amp#27;[34m(Eglise, 2)&amp#27;[37m}
 &amp#27;[0m&amp#27;[37m Alban has now in hand: 4 districts
 &amp#27;[0m&amp#27;[37m Alban built a new Echoppe and now has 1 golds and has in hand: 3 districts
 &amp#27;[0m&amp#27;[37m &amp#27;[37m[Status of Alban : role (&amp#27;[37;1mArchitecte&amp#27;[37m), &amp#27;[33m1 golds&amp#27;[37m, hand {(&amp#27;[33mManoir,3&amp#27;[37m)(&amp#27;[32mMarche,2&amp#27;[37m)(&amp#27;[34mEglise,2&amp#27;[37m)}, city {(&amp#27;[32mTaverne,1&amp#27;[37m)(&amp#27;[32mEchoppe,2&amp#27;[37m)}]
 &amp#27;[0m&amp#27;[37m 
&amp#27;[32m  ------------------------------------------------------------The turn of Alban is over ------------------------------------------------------------------
 &amp#27;[0m&amp#27;[37m &amp#27;[32m++++++++++++++++++++++++++++++++++++++++++++++++++++++++++++Turn 2 is over&amp#27;[32m+++++++++++++++++++++++++++++++++++++++++++++++++++++++++++++++++

 &amp#27;[0m&amp#27;[37m Stacy has crown and start the call of the characters
 &amp#27;[0m&amp#27;[37m Destroyed character: &amp#27;[37;1mAssassin&amp#27;[37m
 &amp#27;[0m&amp#27;[37m Destroyed character: &amp#27;[37;1mArchitecte&amp#27;[37m
 &amp#27;[0m&amp#27;[37m Destroyed character: &amp#27;[31mCondottiere&amp#27;[37m
 &amp#27;[0m&amp#27;[37m Stacy With crown Picked &amp#27;[33mRoi&amp#27;[37m
 &amp#27;[0m&amp#27;[37m Nora predicts opponents might choose Voleur next
 &amp#27;[0m&amp#27;[37m Nora Picked &amp#27;[32mMarchand&amp#27;[37m
 &amp#27;[0m&amp#27;[37m Sara Picked &amp#27;[37;1mVoleur&amp#27;[37m
 &amp#27;[0m&amp#27;[37m Richardo Picked &amp#27;[34mEveque&amp#27;[37m
 &amp#27;[0m&amp#27;[37m Alban Picked &amp#27;[37;1mMagicien&amp#27;[37m
 &amp#27;[0m&amp#27;[37m &amp#27;[32m++++++++++++++++++++++++++++++++++++++++++++++++++++++++++++Turn 3 is starting&amp#27;[32m+++++++++++++++++++++++++++++++++++++++++++++++++++++++++++++++++

 &amp#27;[0m&amp#27;[37m &amp#27;[32m------------------------------------------------------------The turn of Sara is starting -----------------------------------------------------

 &amp#27;[0m&amp#27;[37m &amp#27;[37m[Status of Sara : role (&amp#27;[37;1mVoleur&amp#27;[37m), &amp#27;[33m0 golds&amp#27;[37m, hand {(&amp#27;[35mCour des miracles,2&amp#27;[37m)(&amp#27;[33mPalais,5&amp#27;[37m)}, city {(&amp#27;[34mMonastere,3&amp#27;[37m)(&amp#27;[33mManoir,3&amp#27;[37m)}]
 &amp#27;[0m&amp#27;[37m Sara chose to steal from Architecte
 &amp#27;[0m&amp#27;[37m Sara earned &amp#27;[33m2 golds &amp#27;[37m. Total golds now: 2
 &amp#27;[0m&amp#27;[37m Sara is aiming for 5 colors bonus 
 &amp#27;[0m&amp#27;[37m Sara built a new Cour des miracles and now has 0 golds and has in hand: 1 districts
 &amp#27;[0m&amp#27;[37m &amp#27;[37m[Status of Sara : role (&amp#27;[37;1mVoleur&amp#27;[37m), &amp#27;[33m0 golds&amp#27;[37m, hand {(&amp#27;[33mPalais,5&amp#27;[37m)}, city {(&amp#27;[34mMonastere,3&amp#27;[37m)(&amp#27;[33mManoir,3&amp#27;[37m)(&amp#27;[35mCour des miracles,2&amp#27;[37m)}]
 &amp#27;[0m&amp#27;[37m 
&amp#27;[32m  ------------------------------------------------------------The turn of Sara is over ------------------------------------------------------------------
 &amp#27;[0m&amp#27;[37m &amp#27;[32m------------------------------------------------------------The turn of Alban is starting -----------------------------------------------------

 &amp#27;[0m&amp#27;[37m &amp#27;[37m[Status of Alban : role (&amp#27;[37;1mMagicien&amp#27;[37m), &amp#27;[33m1 golds&amp#27;[37m, hand {(&amp#27;[33mManoir,3&amp#27;[37m)(&amp#27;[32mMarche,2&amp#27;[37m)(&amp#27;[34mEglise,2&amp#27;[37m)}, city {(&amp#27;[32mTaverne,1&amp#27;[37m)(&amp#27;[32mEchoppe,2&amp#27;[37m)}]
 &amp#27;[0m&amp#27;[37m Alban earned &amp#27;[33m2 golds &amp#27;[37m. Total golds now: 3
 &amp#27;[0m&amp#27;[37m Alban built a new Eglise and now has 1 golds and has in hand: 2 districts
 &amp#27;[0m&amp#27;[37m &amp#27;[37m[Status of Alban : role (&amp#27;[37;1mMagicien&amp#27;[37m), &amp#27;[33m1 golds&amp#27;[37m, hand {(&amp#27;[32mMarche,2&amp#27;[37m)(&amp#27;[33mManoir,3&amp#27;[37m)}, city {(&amp#27;[32mTaverne,1&amp#27;[37m)(&amp#27;[32mEchoppe,2&amp#27;[37m)(&amp#27;[34mEglise,2&amp#27;[37m)}]
 &amp#27;[0m&amp#27;[37m 
&amp#27;[32m  ------------------------------------------------------------The turn of Alban is over ------------------------------------------------------------------
 &amp#27;[0m&amp#27;[37m &amp#27;[32m------------------------------------------------------------The turn of Stacy is starting -----------------------------------------------------

 &amp#27;[0m&amp#27;[37m &amp#27;[37m[Status of Stacy : role (&amp#27;[33mRoi&amp#27;[37m), &amp#27;[33m0 golds&amp#27;[37m, hand {(&amp#27;[32mHotel de ville,5&amp#27;[37m)(&amp#27;[31mForteresse,5&amp#27;[37m)(&amp#27;[31mTour de guet,1&amp#27;[37m)(&amp#27;[33mChateau,4&amp#27;[37m)}, city {(&amp#27;[31mPrison,2&amp#27;[37m)}]
 &amp#27;[0m&amp#27;[37m Stacy earned &amp#27;[33m2 golds &amp#27;[37m. Total golds now: 2
 &amp#27;[0m&amp#27;[37m Stacy build a new Tour de guet because it is the most frequent type.
 &amp#27;[0m&amp#27;[37m Stacy built a new Tour de guet and now has 1 golds and has in hand: 3 districts
 &amp#27;[0m&amp#27;[37m &amp#27;[37m[Status of Stacy : role (&amp#27;[33mRoi&amp#27;[37m), &amp#27;[33m1 golds&amp#27;[37m, hand {(&amp#27;[32mHotel de ville,5&amp#27;[37m)(&amp#27;[31mForteresse,5&amp#27;[37m)(&amp#27;[33mChateau,4&amp#27;[37m)}, city {(&amp#27;[31mPrison,2&amp#27;[37m)(&amp#27;[31mTour de guet,1&amp#27;[37m)}]
 &amp#27;[0m&amp#27;[37m 
&amp#27;[32m  ------------------------------------------------------------The turn of Stacy is over ------------------------------------------------------------------
 &amp#27;[0m&amp#27;[37m &amp#27;[32m------------------------------------------------------------The turn of Richardo is starting -----------------------------------------------------

 &amp#27;[0m&amp#27;[37m &amp#27;[37m[Status of Richardo : role (&amp#27;[34mEveque&amp#27;[37m), &amp#27;[33m2 golds&amp#27;[37m, hand {(&amp#27;[34mCathedrale,5&amp#27;[37m)(&amp#27;[31mTour de guet,1&amp#27;[37m)(&amp#27;[33mChateau,4&amp#27;[37m)}, city {(&amp#27;[32mPort,4&amp#27;[37m)}]
 &amp#27;[0m&amp#27;[37m Richardo earned &amp#27;[33m2 golds &amp#27;[37m. Total golds now: 4
 &amp#27;[0m&amp#27;[37m Richardo built a new Tour de guet and now has 3 golds and has in hand: 2 districts
 &amp#27;[0m&amp#27;[37m &amp#27;[37m[Status of Richardo : role (&amp#27;[34mEveque&amp#27;[37m), &amp#27;[33m3 golds&amp#27;[37m, hand {(&amp#27;[34mCathedrale,5&amp#27;[37m)(&amp#27;[33mChateau,4&amp#27;[37m)}, city {(&amp#27;[32mPort,4&amp#27;[37m)(&amp#27;[31mTour de guet,1&amp#27;[37m)}]
 &amp#27;[0m&amp#27;[37m 
&amp#27;[32m  ------------------------------------------------------------The turn of Richardo is over ------------------------------------------------------------------
 &amp#27;[0m&amp#27;[37m &amp#27;[32m------------------------------------------------------------The turn of Nora is starting -----------------------------------------------------

 &amp#27;[0m&amp#27;[37m &amp#27;[37m[Status of Nora : role (&amp#27;[32mMarchand&amp#27;[37m), &amp#27;[33m0 golds&amp#27;[37m, hand {(&amp#27;[32mHotel de ville,5&amp#27;[37m)(&amp#27;[34mTemple,1&amp#27;[37m)}, city {(&amp#27;[32mTaverne,1&amp#27;[37m)(&amp#27;[34mCathedrale,5&amp#27;[37m)}]
 &amp#27;[0m&amp#27;[37m By being a merchant, Nora earned 1 gold. Total golds now: 1
 &amp#27;[0m&amp#27;[37m Nora earned &amp#27;[33m2 golds &amp#27;[37m. Total golds now: 3
 &amp#27;[0m&amp#27;[37m Nora built Temple based on cost-efficiency and scoring potential
 &amp#27;[0m&amp#27;[37m Nora built a new Temple and now has 2 golds and has in hand: 1 districts
 &amp#27;[0m&amp#27;[37m Nora has won 1 golds by marchand buildings and has now 3 golds
 &amp#27;[0m&amp#27;[37m &amp#27;[37m[Status of Nora : role (&amp#27;[32mMarchand&amp#27;[37m), &amp#27;[33m3 golds&amp#27;[37m, hand {(&amp#27;[32mHotel de ville,5&amp#27;[37m)}, city {(&amp#27;[32mTaverne,1&amp#27;[37m)(&amp#27;[34mCathedrale,5&amp#27;[37m)(&amp#27;[34mTemple,1&amp#27;[37m)}]
 &amp#27;[0m&amp#27;[37m 
&amp#27;[32m  ------------------------------------------------------------The turn of Nora is over ------------------------------------------------------------------
 &amp#27;[0m&amp#27;[37m &amp#27;[32m++++++++++++++++++++++++++++++++++++++++++++++++++++++++++++Turn 3 is over&amp#27;[32m+++++++++++++++++++++++++++++++++++++++++++++++++++++++++++++++++

 &amp#27;[0m&amp#27;[37m Stacy has crown and start the call of the characters
 &amp#27;[0m&amp#27;[37m Destroyed character: &amp#27;[37;1mAssassin&amp#27;[37m
 &amp#27;[0m&amp#27;[37m Destroyed character: &amp#27;[37;1mArchitecte&amp#27;[37m
 &amp#27;[0m&amp#27;[37m Destroyed character: &amp#27;[37;1mVoleur&amp#27;[37m
 &amp#27;[0m&amp#27;[37m Stacy With crown Picked &amp#27;[31mCondottiere&amp#27;[37m
 &amp#27;[0m&amp#27;[37m Sara Picked &amp#27;[34mEveque&amp#27;[37m
 &amp#27;[0m&amp#27;[37m Alban Picked &amp#27;[37;1mMagicien&amp#27;[37m
 &amp#27;[0m&amp#27;[37m Richardo Picked &amp#27;[33mRoi&amp#27;[37m
 &amp#27;[0m&amp#27;[37m Nora predicts opponents might choose Voleur next
 &amp#27;[0m&amp#27;[37m Nora Picked &amp#27;[32mMarchand&amp#27;[37m
 &amp#27;[0m&amp#27;[37m &amp#27;[32m++++++++++++++++++++++++++++++++++++++++++++++++++++++++++++Turn 4 is starting&amp#27;[32m+++++++++++++++++++++++++++++++++++++++++++++++++++++++++++++++++

 &amp#27;[0m&amp#27;[37m &amp#27;[32m------------------------------------------------------------The turn of Alban is starting -----------------------------------------------------

 &amp#27;[0m&amp#27;[37m &amp#27;[37m[Status of Alban : role (&amp#27;[37;1mMagicien&amp#27;[37m), &amp#27;[33m1 golds&amp#27;[37m, hand {(&amp#27;[32mMarche,2&amp#27;[37m)(&amp#27;[33mManoir,3&amp#27;[37m)}, city {(&amp#27;[32mTaverne,1&amp#27;[37m)(&amp#27;[32mEchoppe,2&amp#27;[37m)(&amp#27;[34mEglise,2&amp#27;[37m)}]
 &amp#27;[0m&amp#27;[37m Alban swapped cards with Stacy
 &amp#27;[0m&amp#27;[37m &amp#27;[37m[Status of Alban : role (&amp#27;[37;1mMagicien&amp#27;[37m), &amp#27;[33m1 golds&amp#27;[37m, hand {(&amp#27;[32mHotel de ville,5&amp#27;[37m)(&amp#27;[31mForteresse,5&amp#27;[37m)(&amp#27;[33mChateau,4&amp#27;[37m)}, city {(&amp#27;[32mTaverne,1&amp#27;[37m)(&amp#27;[32mEchoppe,2&amp#27;[37m)(&amp#27;[34mEglise,2&amp#27;[37m)}]
 &amp#27;[0m&amp#27;[37m &amp#27;[37m[Status of Stacy : role (&amp#27;[31mCondottiere&amp#27;[37m), &amp#27;[33m1 golds&amp#27;[37m, hand {(&amp#27;[32mMarche,2&amp#27;[37m)(&amp#27;[33mManoir,3&amp#27;[37m)}, city {(&amp#27;[31mPrison,2&amp#27;[37m)(&amp#27;[31mTour de guet,1&amp#27;[37m)}]
 &amp#27;[0m&amp#27;[37m Alban earned &amp#27;[33m2 golds &amp#27;[37m. Total golds now: 3
 &amp#27;[0m&amp#27;[37m &amp#27;[37m[Status of Alban : role (&amp#27;[37;1mMagicien&amp#27;[37m), &amp#27;[33m3 golds&amp#27;[37m, hand {(&amp#27;[32mHotel de ville,5&amp#27;[37m)(&amp#27;[31mForteresse,5&amp#27;[37m)(&amp#27;[33mChateau,4&amp#27;[37m)}, city {(&amp#27;[32mTaverne,1&amp#27;[37m)(&amp#27;[32mEchoppe,2&amp#27;[37m)(&amp#27;[34mEglise,2&amp#27;[37m)}]
 &amp#27;[0m&amp#27;[37m 
&amp#27;[32m  ------------------------------------------------------------The turn of Alban is over ------------------------------------------------------------------
 &amp#27;[0m&amp#27;[37m &amp#27;[32m------------------------------------------------------------The turn of Richardo is starting -----------------------------------------------------

 &amp#27;[0m&amp#27;[37m &amp#27;[37m[Status of Richardo : role (&amp#27;[33mRoi&amp#27;[37m), &amp#27;[33m3 golds&amp#27;[37m, hand {(&amp#27;[34mCathedrale,5&amp#27;[37m)(&amp#27;[33mChateau,4&amp#27;[37m)}, city {(&amp#27;[32mPort,4&amp#27;[37m)(&amp#27;[31mTour de guet,1&amp#27;[37m)}]
 &amp#27;[0m&amp#27;[37m Richardo earned &amp#27;[33m2 golds &amp#27;[37m. Total golds now: 5
 &amp#27;[0m&amp#27;[37m Richardo built a new Chateau and now has 1 golds and has in hand: 1 districts
 &amp#27;[0m&amp#27;[37m Richardo has won 1 golds by noble buildings and has now 2 golds
 &amp#27;[0m&amp#27;[37m &amp#27;[37m[Status of Richardo : role (&amp#27;[33mRoi&amp#27;[37m), &amp#27;[33m2 golds&amp#27;[37m, hand {(&amp#27;[34mCathedrale,5&amp#27;[37m)}, city {(&amp#27;[32mPort,4&amp#27;[37m)(&amp#27;[31mTour de guet,1&amp#27;[37m)(&amp#27;[33mChateau,4&amp#27;[37m)}]
 &amp#27;[0m&amp#27;[37m 
&amp#27;[32m  ------------------------------------------------------------The turn of Richardo is over ------------------------------------------------------------------
 &amp#27;[0m&amp#27;[37m &amp#27;[32m------------------------------------------------------------The turn of Sara is starting -----------------------------------------------------

 &amp#27;[0m&amp#27;[37m &amp#27;[37m[Status of Sara : role (&amp#27;[34mEveque&amp#27;[37m), &amp#27;[33m0 golds&amp#27;[37m, hand {(&amp#27;[33mPalais,5&amp#27;[37m)}, city {(&amp#27;[34mMonastere,3&amp#27;[37m)(&amp#27;[33mManoir,3&amp#27;[37m)(&amp#27;[35mCour des miracles,2&amp#27;[37m)}]
 &amp#27;[0m&amp#27;[37m Sara earned &amp#27;[33m2 golds &amp#27;[37m. Total golds now: 2
 &amp#27;[0m&amp#27;[37m Sara has won 1 golds by religieux buildings and has now 3 golds
 &amp#27;[0m&amp#27;[37m &amp#27;[37m[Status of Sara : role (&amp#27;[34mEveque&amp#27;[37m), &amp#27;[33m3 golds&amp#27;[37m, hand {(&amp#27;[33mPalais,5&amp#27;[37m)}, city {(&amp#27;[34mMonastere,3&amp#27;[37m)(&amp#27;[33mManoir,3&amp#27;[37m)(&amp#27;[35mCour des miracles,2&amp#27;[37m)}]
 &amp#27;[0m&amp#27;[37m 
&amp#27;[32m  ------------------------------------------------------------The turn of Sara is over ------------------------------------------------------------------
 &amp#27;[0m&amp#27;[37m &amp#27;[32m------------------------------------------------------------The turn of Nora is starting -----------------------------------------------------

 &amp#27;[0m&amp#27;[37m &amp#27;[37m[Status of Nora : role (&amp#27;[32mMarchand&amp#27;[37m), &amp#27;[33m3 golds&amp#27;[37m, hand {(&amp#27;[32mHotel de ville,5&amp#27;[37m)}, city {(&amp#27;[32mTaverne,1&amp#27;[37m)(&amp#27;[34mCathedrale,5&amp#27;[37m)(&amp#27;[34mTemple,1&amp#27;[37m)}]
 &amp#27;[0m&amp#27;[37m By being a merchant, Nora earned 1 gold. Total golds now: 4
 &amp#27;[0m&amp#27;[37m Nora earned &amp#27;[33m2 golds &amp#27;[37m. Total golds now: 6
 &amp#27;[0m&amp#27;[37m Nora built Hotel de ville to block opponents from gaining an advantage
 &amp#27;[0m&amp#27;[37m Nora built a new Hotel de ville and now has 1 golds and has in hand: 0 districts
 &amp#27;[0m&amp#27;[37m Nora has won 2 golds by marchand buildings and has now 3 golds
 &amp#27;[0m&amp#27;[37m &amp#27;[37m[Status of Nora : role (&amp#27;[32mMarchand&amp#27;[37m), &amp#27;[33m3 golds&amp#27;[37m, hand {}, city {(&amp#27;[32mTaverne,1&amp#27;[37m)(&amp#27;[34mCathedrale,5&amp#27;[37m)(&amp#27;[34mTemple,1&amp#27;[37m)(&amp#27;[32mHotel de ville,5&amp#27;[37m)}]
 &amp#27;[0m&amp#27;[37m 
&amp#27;[32m  ------------------------------------------------------------The turn of Nora is over ------------------------------------------------------------------
 &amp#27;[0m&amp#27;[37m &amp#27;[32m------------------------------------------------------------The turn of Stacy is starting -----------------------------------------------------

 &amp#27;[0m&amp#27;[37m &amp#27;[37m[Status of Stacy : role (&amp#27;[31mCondottiere&amp#27;[37m), &amp#27;[33m1 golds&amp#27;[37m, hand {(&amp#27;[32mMarche,2&amp#27;[37m)(&amp#27;[33mManoir,3&amp#27;[37m)}, city {(&amp#27;[31mPrison,2&amp#27;[37m)(&amp#27;[31mTour de guet,1&amp#27;[37m)}]
 &amp#27;[0m&amp#27;[37m City of Nora : &amp#27;[34m(Cathedrale, 5)&amp#27;[37m,&amp#27;[32m(Hotel de ville, 5)&amp#27;[37m,&amp#27;[32m(Taverne, 1)&amp#27;[37m,&amp#27;[34m(Temple, 1)&amp#27;[37m
 &amp#27;[0m&amp#27;[37m Stacy destroyed (Taverne, 1) of Nora and now has 1 golds
 &amp#27;[0m&amp#27;[37m Stacy earned &amp#27;[33m2 golds &amp#27;[37m. Total golds now: 3
 &amp#27;[0m&amp#27;[37m Stacy build a new Manoir because it is the most frequent type.
 &amp#27;[0m&amp#27;[37m Stacy built a new Manoir and now has 0 golds and has in hand: 1 districts
 &amp#27;[0m&amp#27;[37m Stacy has won 2 golds by militaire buildings and has now 2 golds
 &amp#27;[0m&amp#27;[37m &amp#27;[37m[Status of Stacy : role (&amp#27;[31mCondottiere&amp#27;[37m), &amp#27;[33m2 golds&amp#27;[37m, hand {(&amp#27;[32mMarche,2&amp#27;[37m)}, city {(&amp#27;[31mPrison,2&amp#27;[37m)(&amp#27;[31mTour de guet,1&amp#27;[37m)(&amp#27;[33mManoir,3&amp#27;[37m)}]
 &amp#27;[0m&amp#27;[37m 
&amp#27;[32m  ------------------------------------------------------------The turn of Stacy is over ------------------------------------------------------------------
 &amp#27;[0m&amp#27;[37m &amp#27;[32m++++++++++++++++++++++++++++++++++++++++++++++++++++++++++++Turn 4 is over&amp#27;[32m+++++++++++++++++++++++++++++++++++++++++++++++++++++++++++++++++

 &amp#27;[0m&amp#27;[37m Richardo has crown and start the call of the characters
 &amp#27;[0m&amp#27;[37m Destroyed character: &amp#27;[37;1mArchitecte&amp#27;[37m
 &amp#27;[0m&amp#27;[37m Destroyed character: &amp#27;[37;1mAssassin&amp#27;[37m
 &amp#27;[0m&amp#27;[37m Destroyed character: &amp#27;[32mMarchand&amp#27;[37m
 &amp#27;[0m&amp#27;[37m Richardo With crown Picked &amp#27;[33mRoi&amp#27;[37m
 &amp#27;[0m&amp#27;[37m Alban Picked &amp#27;[37;1mMagicien&amp#27;[37m
 &amp#27;[0m&amp#27;[37m Sara Picked &amp#27;[37;1mVoleur&amp#27;[37m
 &amp#27;[0m&amp#27;[37m Nora predicts opponents might choose Voleur next
 &amp#27;[0m&amp#27;[37m Nora Picked &amp#27;[31mCondottiere&amp#27;[37m
 &amp#27;[0m&amp#27;[37m Stacy Picked &amp#27;[34mEveque&amp#27;[37m
 &amp#27;[0m&amp#27;[37m &amp#27;[32m++++++++++++++++++++++++++++++++++++++++++++++++++++++++++++Turn 5 is starting&amp#27;[32m+++++++++++++++++++++++++++++++++++++++++++++++++++++++++++++++++

 &amp#27;[0m&amp#27;[37m &amp#27;[32m------------------------------------------------------------The turn of Sara is starting -----------------------------------------------------

 &amp#27;[0m&amp#27;[37m &amp#27;[37m[Status of Sara : role (&amp#27;[37;1mVoleur&amp#27;[37m), &amp#27;[33m3 golds&amp#27;[37m, hand {(&amp#27;[33mPalais,5&amp#27;[37m)}, city {(&amp#27;[34mMonastere,3&amp#27;[37m)(&amp#27;[33mManoir,3&amp#27;[37m)(&amp#27;[35mCour des miracles,2&amp#27;[37m)}]
 &amp#27;[0m&amp#27;[37m Sara chose to steal from Eveque
 &amp#27;[0m&amp#27;[37m Sara earned &amp#27;[33m2 golds &amp#27;[37m. Total golds now: 5
 &amp#27;[0m&amp#27;[37m Sara is aiming for 5 colors bonus 
 &amp#27;[0m&amp#27;[37m Sara built a new Palais and now has 0 golds and has in hand: 0 districts
 &amp#27;[0m&amp#27;[37m &amp#27;[37m[Status of Sara : role (&amp#27;[37;1mVoleur&amp#27;[37m), &amp#27;[33m0 golds&amp#27;[37m, hand {}, city {(&amp#27;[34mMonastere,3&amp#27;[37m)(&amp#27;[33mManoir,3&amp#27;[37m)(&amp#27;[35mCour des miracles,2&amp#27;[37m)(&amp#27;[33mPalais,5&amp#27;[37m)}]
 &amp#27;[0m&amp#27;[37m 
&amp#27;[32m  ------------------------------------------------------------The turn of Sara is over ------------------------------------------------------------------
 &amp#27;[0m&amp#27;[37m &amp#27;[32m------------------------------------------------------------The turn of Alban is starting -----------------------------------------------------

 &amp#27;[0m&amp#27;[37m &amp#27;[37m[Status of Alban : role (&amp#27;[37;1mMagicien&amp#27;[37m), &amp#27;[33m3 golds&amp#27;[37m, hand {(&amp#27;[32mHotel de ville,5&amp#27;[37m)(&amp#27;[31mForteresse,5&amp#27;[37m)(&amp#27;[33mChateau,4&amp#27;[37m)}, city {(&amp#27;[32mTaverne,1&amp#27;[37m)(&amp#27;[32mEchoppe,2&amp#27;[37m)(&amp#27;[34mEglise,2&amp#27;[37m)}]
 &amp#27;[0m&amp#27;[37m Alban earned &amp#27;[33m2 golds &amp#27;[37m. Total golds now: 5
 &amp#27;[0m&amp#27;[37m Alban built a new Chateau and now has 1 golds and has in hand: 2 districts
 &amp#27;[0m&amp#27;[37m &amp#27;[37m[Status of Alban : role (&amp#27;[37;1mMagicien&amp#27;[37m), &amp#27;[33m1 golds&amp#27;[37m, hand {(&amp#27;[31mForteresse,5&amp#27;[37m)(&amp#27;[32mHotel de ville,5&amp#27;[37m)}, city {(&amp#27;[32mTaverne,1&amp#27;[37m)(&amp#27;[32mEchoppe,2&amp#27;[37m)(&amp#27;[34mEglise,2&amp#27;[37m)(&amp#27;[33mChateau,4&amp#27;[37m)}]
 &amp#27;[0m&amp#27;[37m 
&amp#27;[32m  ------------------------------------------------------------The turn of Alban is over ------------------------------------------------------------------
 &amp#27;[0m&amp#27;[37m &amp#27;[32m------------------------------------------------------------The turn of Richardo is starting -----------------------------------------------------

 &amp#27;[0m&amp#27;[37m &amp#27;[37m[Status of Richardo : role (&amp#27;[33mRoi&amp#27;[37m), &amp#27;[33m2 golds&amp#27;[37m, hand {(&amp#27;[34mCathedrale,5&amp#27;[37m)}, city {(&amp#27;[32mPort,4&amp#27;[37m)(&amp#27;[31mTour de guet,1&amp#27;[37m)(&amp#27;[33mChateau,4&amp#27;[37m)}]
 &amp#27;[0m&amp#27;[37m Richardo earned &amp#27;[33m2 golds &amp#27;[37m. Total golds now: 4
 &amp#27;[0m&amp#27;[37m Richardo has won 1 golds by noble buildings and has now 5 golds
 &amp#27;[0m&amp#27;[37m &amp#27;[37m[Status of Richardo : role (&amp#27;[33mRoi&amp#27;[37m), &amp#27;[33m5 golds&amp#27;[37m, hand {(&amp#27;[34mCathedrale,5&amp#27;[37m)}, city {(&amp#27;[32mPort,4&amp#27;[37m)(&amp#27;[31mTour de guet,1&amp#27;[37m)(&amp#27;[33mChateau,4&amp#27;[37m)}]
 &amp#27;[0m&amp#27;[37m 
&amp#27;[32m  ------------------------------------------------------------The turn of Richardo is over ------------------------------------------------------------------
 &amp#27;[0m&amp#27;[37m &amp#27;[32m------------------------------------------------------------The turn of Stacy is starting -----------------------------------------------------

 &amp#27;[0m&amp#27;[37m &amp#27;[37m[Status of Stacy : role (&amp#27;[34mEveque&amp#27;[37m), &amp#27;[33m2 golds&amp#27;[37m, hand {(&amp#27;[32mMarche,2&amp#27;[37m)}, city {(&amp#27;[31mPrison,2&amp#27;[37m)(&amp#27;[31mTour de guet,1&amp#27;[37m)(&amp#27;[33mManoir,3&amp#27;[37m)}]
 &amp#27;[0m&amp#27;[37m Sara stole golds from Stacy. Sara has now 2 golds and Stacy has 0 gold
 &amp#27;[0m&amp#27;[37m Stacy earned &amp#27;[33m2 golds &amp#27;[37m. Total golds now: 2
 &amp#27;[0m&amp#27;[37m Stacy build a new Marche because it is the most frequent type.
 &amp#27;[0m&amp#27;[37m Stacy built a new Marche and now has 0 golds and has in hand: 0 districts
 &amp#27;[0m&amp#27;[37m &amp#27;[37m[Status of Stacy : role (&amp#27;[34mEveque&amp#27;[37m), &amp#27;[33m0 golds&amp#27;[37m, hand {}, city {(&amp#27;[31mPrison,2&amp#27;[37m)(&amp#27;[31mTour de guet,1&amp#27;[37m)(&amp#27;[33mManoir,3&amp#27;[37m)(&amp#27;[32mMarche,2&amp#27;[37m)}]
 &amp#27;[0m&amp#27;[37m 
&amp#27;[32m  ------------------------------------------------------------The turn of Stacy is over ------------------------------------------------------------------
 &amp#27;[0m&amp#27;[37m &amp#27;[32m------------------------------------------------------------The turn of Nora is starting -----------------------------------------------------

 &amp#27;[0m&amp#27;[37m &amp#27;[37m[Status of Nora : role (&amp#27;[31mCondottiere&amp#27;[37m), &amp#27;[33m3 golds&amp#27;[37m, hand {}, city {(&amp#27;[34mCathedrale,5&amp#27;[37m)(&amp#27;[32mHotel de ville,5&amp#27;[37m)(&amp#27;[34mTemple,1&amp#27;[37m)}]
 &amp#27;[0m&amp#27;[37m City of Stacy : &amp#27;[33m(Manoir, 3)&amp#27;[37m,&amp#27;[31m(Prison, 2)&amp#27;[37m,&amp#27;[32m(Marche, 2)&amp#27;[37m,&amp#27;[31m(Tour de guet, 1)&amp#27;[37m
 &amp#27;[0m&amp#27;[37m Nora can't destroy (Manoir, 3) of Stacy because he is Eveque
 &amp#27;[0m&amp#27;[37m Reason for choosing Caserne: It was affordable and fits the strategy to build quickly.
 &amp#27;[0m&amp#27;[37m Nora drew the following cards : {&amp#27;[35m(Donjon, 3)&amp#27;[37m,&amp#27;[31m(Caserne, 3)&amp#27;[37m}
 &amp#27;[0m&amp#27;[37m Nora choose to pick : {&amp#27;[31m(Caserne, 3)&amp#27;[37m}
 &amp#27;[0m&amp#27;[37m Nora has now in hand: 1 districts
 &amp#27;[0m&amp#27;[37m Nora built Caserne to block opponents from gaining an advantage
 &amp#27;[0m&amp#27;[37m Nora built a new Caserne and now has 0 golds and has in hand: 0 districts
 &amp#27;[0m&amp#27;[37m Nora has won 1 golds by militaire buildings and has now 1 golds
 &amp#27;[0m&amp#27;[37m &amp#27;[37m[Status of Nora : role (&amp#27;[31mCondottiere&amp#27;[37m), &amp#27;[33m1 golds&amp#27;[37m, hand {}, city {(&amp#27;[34mCathedrale,5&amp#27;[37m)(&amp#27;[32mHotel de ville,5&amp#27;[37m)(&amp#27;[34mTemple,1&amp#27;[37m)(&amp#27;[31mCaserne,3&amp#27;[37m)}]
 &amp#27;[0m&amp#27;[37m 
&amp#27;[32m  ------------------------------------------------------------The turn of Nora is over ------------------------------------------------------------------
 &amp#27;[0m&amp#27;[37m &amp#27;[32m++++++++++++++++++++++++++++++++++++++++++++++++++++++++++++Turn 5 is over&amp#27;[32m+++++++++++++++++++++++++++++++++++++++++++++++++++++++++++++++++

 &amp#27;[0m&amp#27;[37m Richardo has crown and start the call of the characters
 &amp#27;[0m&amp#27;[37m Destroyed character: &amp#27;[31mCondottiere&amp#27;[37m
 &amp#27;[0m&amp#27;[37m Destroyed character: &amp#27;[37;1mVoleur&amp#27;[37m
 &amp#27;[0m&amp#27;[37m Destroyed character: &amp#27;[37;1mArchitecte&amp#27;[37m
 &amp#27;[0m&amp#27;[37m Richardo decided to pick Assassin because it smells like thief
 &amp#27;[0m&amp#27;[37m Richardo With crown Picked &amp#27;[37;1mAssassin&amp#27;[37m
 &amp#27;[0m&amp#27;[37m Sara Picked &amp#27;[32mMarchand&amp#27;[37m
 &amp#27;[0m&amp#27;[37m Alban Picked &amp#27;[37;1mMagicien&amp#27;[37m
 &amp#27;[0m&amp#27;[37m Stacy Picked &amp#27;[33mRoi&amp#27;[37m
 &amp#27;[0m&amp#27;[37m Nora predicts opponents might choose Magicien next
 &amp#27;[0m&amp#27;[37m Nora Picked &amp#27;[34mEveque&amp#27;[37m
 &amp#27;[0m&amp#27;[37m &amp#27;[32m++++++++++++++++++++++++++++++++++++++++++++++++++++++++++++Turn 6 is starting&amp#27;[32m+++++++++++++++++++++++++++++++++++++++++++++++++++++++++++++++++

 &amp#27;[0m&amp#27;[37m &amp#27;[32m------------------------------------------------------------The turn of Richardo is starting -----------------------------------------------------

 &amp#27;[0m&amp#27;[37m &amp#27;[37m[Status of Richardo : role (&amp#27;[37;1mAssassin&amp#27;[37m), &amp#27;[33m5 golds&amp#27;[37m, hand {(&amp#27;[34mCathedrale,5&amp#27;[37m)}, city {(&amp#27;[32mPort,4&amp#27;[37m)(&amp#27;[31mTour de guet,1&amp#27;[37m)(&amp#27;[33mChateau,4&amp#27;[37m)}]
 &amp#27;[0m&amp#27;[37m Richardo chose to kill Magicien
 &amp#27;[0m&amp#27;[37m Richardo earned &amp#27;[33m2 golds &amp#27;[37m. Total golds now: 7
 &amp#27;[0m&amp#27;[37m Richardo built a new Cathedrale and now has 2 golds and has in hand: 0 districts
 &amp#27;[0m&amp#27;[37m &amp#27;[37m[Status of Richardo : role (&amp#27;[37;1mAssassin&amp#27;[37m), &amp#27;[33m2 golds&amp#27;[37m, hand {}, city {(&amp#27;[32mPort,4&amp#27;[37m)(&amp#27;[31mTour de guet,1&amp#27;[37m)(&amp#27;[33mChateau,4&amp#27;[37m)(&amp#27;[34mCathedrale,5&amp#27;[37m)}]
 &amp#27;[0m&amp#27;[37m 
&amp#27;[32m  ------------------------------------------------------------The turn of Richardo is over ------------------------------------------------------------------
 &amp#27;[0m&amp#27;[37m Alban has been killed so Alban's turn is skipped
 &amp#27;[0m&amp#27;[37m &amp#27;[32m------------------------------------------------------------The turn of Stacy is starting -----------------------------------------------------

 &amp#27;[0m&amp#27;[37m &amp#27;[37m[Status of Stacy : role (&amp#27;[33mRoi&amp#27;[37m), &amp#27;[33m0 golds&amp#27;[37m, hand {}, city {(&amp#27;[33mManoir,3&amp#27;[37m)(&amp#27;[31mPrison,2&amp#27;[37m)(&amp#27;[32mMarche,2&amp#27;[37m)(&amp#27;[31mTour de guet,1&amp#27;[37m)}]
 &amp#27;[0m&amp#27;[37m Stacy chose Palais because it is the same type as his character.
 &amp#27;[0m&amp#27;[37m Stacy drew the following cards : {&amp#27;[35m(Ecole de magie, 6)&amp#27;[37m,&amp#27;[33m(Palais, 5)&amp#27;[37m}
 &amp#27;[0m&amp#27;[37m Stacy choose to pick : {&amp#27;[33m(Palais, 5)&amp#27;[37m}
 &amp#27;[0m&amp#27;[37m Stacy has now in hand: 1 districts
 &amp#27;[0m&amp#27;[37m Stacy has won 1 golds by noble buildings and has now 1 golds
 &amp#27;[0m&amp#27;[37m &amp#27;[37m[Status of Stacy : role (&amp#27;[33mRoi&amp#27;[37m), &amp#27;[33m1 golds&amp#27;[37m, hand {(&amp#27;[33mPalais,5&amp#27;[37m)}, city {(&amp#27;[33mManoir,3&amp#27;[37m)(&amp#27;[31mPrison,2&amp#27;[37m)(&amp#27;[32mMarche,2&amp#27;[37m)(&amp#27;[31mTour de guet,1&amp#27;[37m)}]
 &amp#27;[0m&amp#27;[37m 
&amp#27;[32m  ------------------------------------------------------------The turn of Stacy is over ------------------------------------------------------------------
 &amp#27;[0m&amp#27;[37m &amp#27;[32m------------------------------------------------------------The turn of Nora is starting -----------------------------------------------------

 &amp#27;[0m&amp#27;[37m &amp#27;[37m[Status of Nora : role (&amp#27;[34mEveque&amp#27;[37m), &amp#27;[33m1 golds&amp#27;[37m, hand {}, city {(&amp#27;[34mCathedrale,5&amp#27;[37m)(&amp#27;[32mHotel de ville,5&amp#27;[37m)(&amp#27;[34mTemple,1&amp#27;[37m)(&amp#27;[31mCaserne,3&amp#27;[37m)}]
 &amp#27;[0m&amp#27;[37m Reason for choosing Eglise: It was the best option available considering the current strategy and resources.
 &amp#27;[0m&amp#27;[37m Nora drew the following cards : {&amp#27;[35m(Donjon, 3)&amp#27;[37m,&amp#27;[34m(Eglise, 2)&amp#27;[37m}
 &amp#27;[0m&amp#27;[37m Nora choose to pick : {&amp#27;[34m(Eglise, 2)&amp#27;[37m}
 &amp#27;[0m&amp#27;[37m Nora has now in hand: 1 districts
 &amp#27;[0m&amp#27;[37m Nora has won 2 golds by religieux buildings and has now 3 golds
 &amp#27;[0m&amp#27;[37m &amp#27;[37m[Status of Nora : role (&amp#27;[34mEveque&amp#27;[37m), &amp#27;[33m3 golds&amp#27;[37m, hand {(&amp#27;[34mEglise,2&amp#27;[37m)}, city {(&amp#27;[34mCathedrale,5&amp#27;[37m)(&amp#27;[32mHotel de ville,5&amp#27;[37m)(&amp#27;[34mTemple,1&amp#27;[37m)(&amp#27;[31mCaserne,3&amp#27;[37m)}]
 &amp#27;[0m&amp#27;[37m 
&amp#27;[32m  ------------------------------------------------------------The turn of Nora is over ------------------------------------------------------------------
 &amp#27;[0m&amp#27;[37m &amp#27;[32m------------------------------------------------------------The turn of Sara is starting -----------------------------------------------------

 &amp#27;[0m&amp#27;[37m &amp#27;[37m[Status of Sara : role (&amp#27;[32mMarchand&amp#27;[37m), &amp#27;[33m2 golds&amp#27;[37m, hand {}, city {(&amp#27;[34mMonastere,3&amp#27;[37m)(&amp#27;[33mManoir,3&amp#27;[37m)(&amp#27;[35mCour des miracles,2&amp#27;[37m)(&amp#27;[33mPalais,5&amp#27;[37m)}]
 &amp#27;[0m&amp#27;[37m By being a merchant, Sara earned 1 gold. Total golds now: 3
 &amp#27;[0m&amp#27;[37m Sara earned &amp#27;[33m2 golds &amp#27;[37m. Total golds now: 5
 &amp#27;[0m&amp#27;[37m &amp#27;[37m[Status of Sara : role (&amp#27;[32mMarchand&amp#27;[37m), &amp#27;[33m5 golds&amp#27;[37m, hand {}, city {(&amp#27;[34mMonastere,3&amp#27;[37m)(&amp#27;[33mManoir,3&amp#27;[37m)(&amp#27;[35mCour des miracles,2&amp#27;[37m)(&amp#27;[33mPalais,5&amp#27;[37m)}]
 &amp#27;[0m&amp#27;[37m 
&amp#27;[32m  ------------------------------------------------------------The turn of Sara is over ------------------------------------------------------------------
 &amp#27;[0m&amp#27;[37m &amp#27;[32m++++++++++++++++++++++++++++++++++++++++++++++++++++++++++++Turn 6 is over&amp#27;[32m+++++++++++++++++++++++++++++++++++++++++++++++++++++++++++++++++

 &amp#27;[0m&amp#27;[37m Stacy has crown and start the call of the characters
 &amp#27;[0m&amp#27;[37m Destroyed character: &amp#27;[32mMarchand&amp#27;[37m
 &amp#27;[0m&amp#27;[37m Destroyed character: &amp#27;[34mEveque&amp#27;[37m
 &amp#27;[0m&amp#27;[37m Destroyed character: &amp#27;[37;1mVoleur&amp#27;[37m
 &amp#27;[0m&amp#27;[37m Stacy With crown Picked &amp#27;[31mCondottiere&amp#27;[37m
 &amp#27;[0m&amp#27;[37m Richardo decided to pick Assassin because it smells like thief
 &amp#27;[0m&amp#27;[37m Richardo Picked &amp#27;[37;1mAssassin&amp#27;[37m
 &amp#27;[0m&amp#27;[37m Alban Picked &amp#27;[37;1mMagicien&amp#27;[37m
 &amp#27;[0m&amp#27;[37m Nora predicts opponents might choose Magicien next
 &amp#27;[0m&amp#27;[37m Nora Picked &amp#27;[37;1mArchitecte&amp#27;[37m
 &amp#27;[0m&amp#27;[37m Sara Picked &amp#27;[33mRoi&amp#27;[37m
 &amp#27;[0m&amp#27;[37m &amp#27;[32m++++++++++++++++++++++++++++++++++++++++++++++++++++++++++++Turn 7 is starting&amp#27;[32m+++++++++++++++++++++++++++++++++++++++++++++++++++++++++++++++++

 &amp#27;[0m&amp#27;[37m &amp#27;[32m------------------------------------------------------------The turn of Richardo is starting -----------------------------------------------------

 &amp#27;[0m&amp#27;[37m &amp#27;[37m[Status of Richardo : role (&amp#27;[37;1mAssassin&amp#27;[37m), &amp#27;[33m2 golds&amp#27;[37m, hand {}, city {(&amp#27;[32mPort,4&amp#27;[37m)(&amp#27;[31mTour de guet,1&amp#27;[37m)(&amp#27;[33mChateau,4&amp#27;[37m)(&amp#27;[34mCathedrale,5&amp#27;[37m)}]
 &amp#27;[0m&amp#27;[37m Richardo chose to kill Condottiere
 &amp#27;[0m&amp#27;[37m Richardo earned &amp#27;[33m2 golds &amp#27;[37m. Total golds now: 4
 &amp#27;[0m&amp#27;[37m &amp#27;[37m[Status of Richardo : role (&amp#27;[37;1mAssassin&amp#27;[37m), &amp#27;[33m4 golds&amp#27;[37m, hand {}, city {(&amp#27;[32mPort,4&amp#27;[37m)(&amp#27;[31mTour de guet,1&amp#27;[37m)(&amp#27;[33mChateau,4&amp#27;[37m)(&amp#27;[34mCathedrale,5&amp#27;[37m)}]
 &amp#27;[0m&amp#27;[37m 
&amp#27;[32m  ------------------------------------------------------------The turn of Richardo is over ------------------------------------------------------------------
 &amp#27;[0m&amp#27;[37m &amp#27;[32m------------------------------------------------------------The turn of Alban is starting -----------------------------------------------------

 &amp#27;[0m&amp#27;[37m &amp#27;[37m[Status of Alban : role (&amp#27;[37;1mMagicien&amp#27;[37m), &amp#27;[33m1 golds&amp#27;[37m, hand {(&amp#27;[31mForteresse,5&amp#27;[37m)(&amp#27;[32mHotel de ville,5&amp#27;[37m)}, city {(&amp#27;[32mTaverne,1&amp#27;[37m)(&amp#27;[32mEchoppe,2&amp#27;[37m)(&amp#27;[34mEglise,2&amp#27;[37m)(&amp#27;[33mChateau,4&amp#27;[37m)}]
 &amp#27;[0m&amp#27;[37m Alban earned &amp#27;[33m2 golds &amp#27;[37m. Total golds now: 3
 &amp#27;[0m&amp#27;[37m &amp#27;[37m[Status of Alban : role (&amp#27;[37;1mMagicien&amp#27;[37m), &amp#27;[33m3 golds&amp#27;[37m, hand {(&amp#27;[32mHotel de ville,5&amp#27;[37m)(&amp#27;[31mForteresse,5&amp#27;[37m)}, city {(&amp#27;[32mTaverne,1&amp#27;[37m)(&amp#27;[32mEchoppe,2&amp#27;[37m)(&amp#27;[34mEglise,2&amp#27;[37m)(&amp#27;[33mChateau,4&amp#27;[37m)}]
 &amp#27;[0m&amp#27;[37m 
&amp#27;[32m  ------------------------------------------------------------The turn of Alban is over ------------------------------------------------------------------
 &amp#27;[0m&amp#27;[37m &amp#27;[32m------------------------------------------------------------The turn of Sara is starting -----------------------------------------------------

 &amp#27;[0m&amp#27;[37m &amp#27;[37m[Status of Sara : role (&amp#27;[33mRoi&amp#27;[37m), &amp#27;[33m5 golds&amp#27;[37m, hand {}, city {(&amp#27;[34mMonastere,3&amp#27;[37m)(&amp#27;[33mManoir,3&amp#27;[37m)(&amp#27;[35mCour des miracles,2&amp#27;[37m)(&amp#27;[33mPalais,5&amp#27;[37m)}]
 &amp#27;[0m&amp#27;[37m Sara drew the following cards : {&amp#27;[34m(Temple, 1)&amp#27;[37m,&amp#27;[31m(Caserne, 3)&amp#27;[37m}
 &amp#27;[0m&amp#27;[37m Sara choose to pick : {&amp#27;[31m(Caserne, 3)&amp#27;[37m}
 &amp#27;[0m&amp#27;[37m Sara has now in hand: 1 districts
 &amp#27;[0m&amp#27;[37m Sara prioritizes War district
 &amp#27;[0m&amp#27;[37m Sara built a new Caserne and now has 2 golds and has in hand: 0 districts
 &amp#27;[0m&amp#27;[37m Sara has won 2 golds by noble buildings and has now 4 golds
 &amp#27;[0m&amp#27;[37m &amp#27;[37m[Status of Sara : role (&amp#27;[33mRoi&amp#27;[37m), &amp#27;[33m4 golds&amp#27;[37m, hand {}, city {(&amp#27;[34mMonastere,3&amp#27;[37m)(&amp#27;[33mManoir,3&amp#27;[37m)(&amp#27;[35mCour des miracles,2&amp#27;[37m)(&amp#27;[33mPalais,5&amp#27;[37m)(&amp#27;[31mCaserne,3&amp#27;[37m)}]
 &amp#27;[0m&amp#27;[37m 
&amp#27;[32m  ------------------------------------------------------------The turn of Sara is over ------------------------------------------------------------------
 &amp#27;[0m&amp#27;[37m &amp#27;[32m------------------------------------------------------------The turn of Nora is starting -----------------------------------------------------

 &amp#27;[0m&amp#27;[37m &amp#27;[37m[Status of Nora : role (&amp#27;[37;1mArchitecte&amp#27;[37m), &amp#27;[33m3 golds&amp#27;[37m, hand {(&amp#27;[34mEglise,2&amp#27;[37m)}, city {(&amp#27;[34mCathedrale,5&amp#27;[37m)(&amp#27;[32mHotel de ville,5&amp#27;[37m)(&amp#27;[34mTemple,1&amp#27;[37m)(&amp#27;[31mCaserne,3&amp#27;[37m)}]
 &amp#27;[0m&amp#27;[37m Nora earned &amp#27;[33m2 golds &amp#27;[37m. Total golds now: 5
 &amp#27;[0m&amp#27;[37m Nora built Eglise based on cost-efficiency and scoring potential
 &amp#27;[0m&amp#27;[37m Nora built a new Eglise and now has 3 golds and has in hand: 0 districts
 &amp#27;[0m&amp#27;[37m Reason for choosing Marche: It was affordable and fits the strategy to build quickly.
 &amp#27;[0m&amp#27;[37m Nora drew the following cards : {&amp#27;[32m(Echoppe, 2)&amp#27;[37m,&amp#27;[32m(Marche, 2)&amp#27;[37m}
 &amp#27;[0m&amp#27;[37m Nora choose to pick : {&amp#27;[32m(Marche, 2)&amp#27;[37m}
 &amp#27;[0m&amp#27;[37m Nora has now in hand: 1 districts
 &amp#27;[0m&amp#27;[37m Nora built Marche based on cost-efficiency and scoring potential
 &amp#27;[0m&amp#27;[37m Nora built a new Marche and now has 1 golds and has in hand: 0 districts
 &amp#27;[0m&amp#27;[37m &amp#27;[37m[Status of Nora : role (&amp#27;[37;1mArchitecte&amp#27;[37m), &amp#27;[33m1 golds&amp#27;[37m, hand {}, city {(&amp#27;[34mCathedrale,5&amp#27;[37m)(&amp#27;[32mHotel de ville,5&amp#27;[37m)(&amp#27;[34mTemple,1&amp#27;[37m)(&amp#27;[31mCaserne,3&amp#27;[37m)(&amp#27;[34mEglise,2&amp#27;[37m)(&amp#27;[32mMarche,2&amp#27;[37m)}]
 &amp#27;[0m&amp#27;[37m 
&amp#27;[32m  ------------------------------------------------------------The turn of Nora is over ------------------------------------------------------------------
 &amp#27;[0m&amp#27;[37m Stacy has been killed so Stacy's turn is skipped
 &amp#27;[0m&amp#27;[37m &amp#27;[32m++++++++++++++++++++++++++++++++++++++++++++++++++++++++++++Turn 7 is over&amp#27;[32m+++++++++++++++++++++++++++++++++++++++++++++++++++++++++++++++++

 &amp#27;[0m&amp#27;[37m Sara has crown and start the call of the characters
 &amp#27;[0m&amp#27;[37m Destroyed character: &amp#27;[37;1mVoleur&amp#27;[37m
 &amp#27;[0m&amp#27;[37m Destroyed character: &amp#27;[31mCondottiere&amp#27;[37m
 &amp#27;[0m&amp#27;[37m Destroyed character: &amp#27;[34mEveque&amp#27;[37m
 &amp#27;[0m&amp#27;[37m Sara With crown Picked &amp#27;[37;1mMagicien&amp#27;[37m
 &amp#27;[0m&amp#27;[37m Richardo decided to pick Assassin because it smells like thief
 &amp#27;[0m&amp#27;[37m Richardo Picked &amp#27;[37;1mAssassin&amp#27;[37m
 &amp#27;[0m&amp#27;[37m Alban has picked Marchand because Alban has 2 or more marchand districts in his city
 &amp#27;[0m&amp#27;[37m Alban Picked &amp#27;[32mMarchand&amp#27;[37m
 &amp#27;[0m&amp#27;[37m Nora predicts opponents might choose Magicien next
 &amp#27;[0m&amp#27;[37m Nora Picked &amp#27;[37;1mArchitecte&amp#27;[37m
 &amp#27;[0m&amp#27;[37m Stacy Picked &amp#27;[33mRoi&amp#27;[37m
 &amp#27;[0m&amp#27;[37m &amp#27;[32m++++++++++++++++++++++++++++++++++++++++++++++++++++++++++++Turn 8 is starting&amp#27;[32m+++++++++++++++++++++++++++++++++++++++++++++++++++++++++++++++++

 &amp#27;[0m&amp#27;[37m &amp#27;[32m------------------------------------------------------------The turn of Richardo is starting -----------------------------------------------------

 &amp#27;[0m&amp#27;[37m &amp#27;[37m[Status of Richardo : role (&amp#27;[37;1mAssassin&amp#27;[37m), &amp#27;[33m4 golds&amp#27;[37m, hand {}, city {(&amp#27;[32mPort,4&amp#27;[37m)(&amp#27;[31mTour de guet,1&amp#27;[37m)(&amp#27;[33mChateau,4&amp#27;[37m)(&amp#27;[34mCathedrale,5&amp#27;[37m)}]
 &amp#27;[0m&amp#27;[37m Richardo chose to kill Magicien
 &amp#27;[0m&amp#27;[37m Richardo earned &amp#27;[33m2 golds &amp#27;[37m. Total golds now: 6
 &amp#27;[0m&amp#27;[37m &amp#27;[37m[Status of Richardo : role (&amp#27;[37;1mAssassin&amp#27;[37m), &amp#27;[33m6 golds&amp#27;[37m, hand {}, city {(&amp#27;[32mPort,4&amp#27;[37m)(&amp#27;[31mTour de guet,1&amp#27;[37m)(&amp#27;[33mChateau,4&amp#27;[37m)(&amp#27;[34mCathedrale,5&amp#27;[37m)}]
 &amp#27;[0m&amp#27;[37m 
&amp#27;[32m  ------------------------------------------------------------The turn of Richardo is over ------------------------------------------------------------------
 &amp#27;[0m&amp#27;[37m Sara has been killed so Sara's turn is skipped
 &amp#27;[0m&amp#27;[37m &amp#27;[32m------------------------------------------------------------The turn of Stacy is starting -----------------------------------------------------

 &amp#27;[0m&amp#27;[37m &amp#27;[37m[Status of Stacy : role (&amp#27;[33mRoi&amp#27;[37m), &amp#27;[33m1 golds&amp#27;[37m, hand {(&amp#27;[33mPalais,5&amp#27;[37m)}, city {(&amp#27;[33mManoir,3&amp#27;[37m)(&amp#27;[31mPrison,2&amp#27;[37m)(&amp#27;[32mMarche,2&amp#27;[37m)(&amp#27;[31mTour de guet,1&amp#27;[37m)}]
 &amp#27;[0m&amp#27;[37m Stacy earned &amp#27;[33m2 golds &amp#27;[37m. Total golds now: 3
 &amp#27;[0m&amp#27;[37m Stacy has won 1 golds by noble buildings and has now 4 golds
 &amp#27;[0m&amp#27;[37m &amp#27;[37m[Status of Stacy : role (&amp#27;[33mRoi&amp#27;[37m), &amp#27;[33m4 golds&amp#27;[37m, hand {(&amp#27;[33mPalais,5&amp#27;[37m)}, city {(&amp#27;[33mManoir,3&amp#27;[37m)(&amp#27;[31mPrison,2&amp#27;[37m)(&amp#27;[32mMarche,2&amp#27;[37m)(&amp#27;[31mTour de guet,1&amp#27;[37m)}]
 &amp#27;[0m&amp#27;[37m 
&amp#27;[32m  ------------------------------------------------------------The turn of Stacy is over ------------------------------------------------------------------
 &amp#27;[0m&amp#27;[37m &amp#27;[32m------------------------------------------------------------The turn of Alban is starting -----------------------------------------------------

 &amp#27;[0m&amp#27;[37m &amp#27;[37m[Status of Alban : role (&amp#27;[32mMarchand&amp#27;[37m), &amp#27;[33m3 golds&amp#27;[37m, hand {(&amp#27;[32mHotel de ville,5&amp#27;[37m)(&amp#27;[31mForteresse,5&amp#27;[37m)}, city {(&amp#27;[32mTaverne,1&amp#27;[37m)(&amp#27;[32mEchoppe,2&amp#27;[37m)(&amp#27;[34mEglise,2&amp#27;[37m)(&amp#27;[33mChateau,4&amp#27;[37m)}]
 &amp#27;[0m&amp#27;[37m By being a merchant, Alban earned 1 gold. Total golds now: 4
 &amp#27;[0m&amp#27;[37m Alban earned &amp#27;[33m2 golds &amp#27;[37m. Total golds now: 6
 &amp#27;[0m&amp#27;[37m Alban built a new Hotel de ville and now has 1 golds and has in hand: 1 districts
 &amp#27;[0m&amp#27;[37m Alban has won 3 golds by marchand buildings and has now 4 golds
 &amp#27;[0m&amp#27;[37m &amp#27;[37m[Status of Alban : role (&amp#27;[32mMarchand&amp#27;[37m), &amp#27;[33m4 golds&amp#27;[37m, hand {(&amp#27;[31mForteresse,5&amp#27;[37m)}, city {(&amp#27;[32mTaverne,1&amp#27;[37m)(&amp#27;[32mEchoppe,2&amp#27;[37m)(&amp#27;[34mEglise,2&amp#27;[37m)(&amp#27;[33mChateau,4&amp#27;[37m)(&amp#27;[32mHotel de ville,5&amp#27;[37m)}]
 &amp#27;[0m&amp#27;[37m 
&amp#27;[32m  ------------------------------------------------------------The turn of Alban is over ------------------------------------------------------------------
 &amp#27;[0m&amp#27;[37m &amp#27;[32m------------------------------------------------------------The turn of Nora is starting -----------------------------------------------------

 &amp#27;[0m&amp#27;[37m &amp#27;[37m[Status of Nora : role (&amp#27;[37;1mArchitecte&amp#27;[37m), &amp#27;[33m1 golds&amp#27;[37m, hand {}, city {(&amp#27;[34mCathedrale,5&amp#27;[37m)(&amp#27;[32mHotel de ville,5&amp#27;[37m)(&amp#27;[34mTemple,1&amp#27;[37m)(&amp#27;[31mCaserne,3&amp#27;[37m)(&amp#27;[34mEglise,2&amp#27;[37m)(&amp#27;[32mMarche,2&amp#27;[37m)}]
 &amp#27;[0m&amp#27;[37m Reason for choosing Port: It was the best option available considering the current strategy and resources.
 &amp#27;[0m&amp#27;[37m Nora drew the following cards : {&amp#27;[32m(Comptoir, 3)&amp#27;[37m,&amp#27;[31m(Caserne, 3)&amp#27;[37m,&amp#27;[35m(Manufacture, 5)&amp#27;[37m,&amp#27;[32m(Port, 4)&amp#27;[37m}
 &amp#27;[0m&amp#27;[37m Nora choose to pick : {&amp#27;[32m(Port, 4)&amp#27;[37m}
 &amp#27;[0m&amp#27;[37m Nora has now in hand: 1 districts
 &amp#27;[0m&amp#27;[37m &amp#27;[37m[Status of Nora : role (&amp#27;[37;1mArchitecte&amp#27;[37m), &amp#27;[33m1 golds&amp#27;[37m, hand {(&amp#27;[32mPort,4&amp#27;[37m)}, city {(&amp#27;[34mCathedrale,5&amp#27;[37m)(&amp#27;[32mHotel de ville,5&amp#27;[37m)(&amp#27;[34mTemple,1&amp#27;[37m)(&amp#27;[31mCaserne,3&amp#27;[37m)(&amp#27;[34mEglise,2&amp#27;[37m)(&amp#27;[32mMarche,2&amp#27;[37m)}]
 &amp#27;[0m&amp#27;[37m 
&amp#27;[32m  ------------------------------------------------------------The turn of Nora is over ------------------------------------------------------------------
 &amp#27;[0m&amp#27;[37m &amp#27;[32m++++++++++++++++++++++++++++++++++++++++++++++++++++++++++++Turn 8 is over&amp#27;[32m+++++++++++++++++++++++++++++++++++++++++++++++++++++++++++++++++

 &amp#27;[0m&amp#27;[37m Stacy has crown and start the call of the characters
 &amp#27;[0m&amp#27;[37m Destroyed character: &amp#27;[32mMarchand&amp#27;[37m
 &amp#27;[0m&amp#27;[37m Destroyed character: &amp#27;[31mCondottiere&amp#27;[37m
 &amp#27;[0m&amp#27;[37m Destroyed character: &amp#27;[34mEveque&amp#27;[37m
 &amp#27;[0m&amp#27;[37m Stacy With crown Picked &amp#27;[33mRoi&amp#27;[37m
 &amp#27;[0m&amp#27;[37m Richardo decided to pick Assassin because it smells like thief
 &amp#27;[0m&amp#27;[37m Richardo Picked &amp#27;[37;1mAssassin&amp#27;[37m
 &amp#27;[0m&amp#27;[37m Sara Picked &amp#27;[37;1mVoleur&amp#27;[37m
 &amp#27;[0m&amp#27;[37m Alban Picked &amp#27;[37;1mMagicien&amp#27;[37m
 &amp#27;[0m&amp#27;[37m Nora predicts opponents might choose Magicien next
 &amp#27;[0m&amp#27;[37m Nora Picked &amp#27;[37;1mArchitecte&amp#27;[37m
 &amp#27;[0m&amp#27;[37m &amp#27;[32m++++++++++++++++++++++++++++++++++++++++++++++++++++++++++++Turn 9 is starting&amp#27;[32m+++++++++++++++++++++++++++++++++++++++++++++++++++++++++++++++++

 &amp#27;[0m&amp#27;[37m &amp#27;[32m------------------------------------------------------------The turn of Richardo is starting -----------------------------------------------------

 &amp#27;[0m&amp#27;[37m &amp#27;[37m[Status of Richardo : role (&amp#27;[37;1mAssassin&amp#27;[37m), &amp#27;[33m6 golds&amp#27;[37m, hand {}, city {(&amp#27;[32mPort,4&amp#27;[37m)(&amp#27;[31mTour de guet,1&amp#27;[37m)(&amp#27;[33mChateau,4&amp#27;[37m)(&amp#27;[34mCathedrale,5&amp#27;[37m)}]
 &amp#27;[0m&amp#27;[37m Richardo chose to kill Architecte
 &amp#27;[0m&amp#27;[37m Richardo drew the following cards : {&amp#27;[34m(Monastere, 3)&amp#27;[37m,&amp#27;[32m(Port, 4)&amp#27;[37m}
 &amp#27;[0m&amp#27;[37m Richardo choose to pick : {&amp#27;[32m(Port, 4)&amp#27;[37m}
 &amp#27;[0m&amp#27;[37m Richardo has now in hand: 1 districts
 &amp#27;[0m&amp#27;[37m &amp#27;[37m[Status of Richardo : role (&amp#27;[37;1mAssassin&amp#27;[37m), &amp#27;[33m6 golds&amp#27;[37m, hand {(&amp#27;[32mPort,4&amp#27;[37m)}, city {(&amp#27;[32mPort,4&amp#27;[37m)(&amp#27;[31mTour de guet,1&amp#27;[37m)(&amp#27;[33mChateau,4&amp#27;[37m)(&amp#27;[34mCathedrale,5&amp#27;[37m)}]
 &amp#27;[0m&amp#27;[37m 
&amp#27;[32m  ------------------------------------------------------------The turn of Richardo is over ------------------------------------------------------------------
 &amp#27;[0m&amp#27;[37m &amp#27;[32m------------------------------------------------------------The turn of Sara is starting -----------------------------------------------------

 &amp#27;[0m&amp#27;[37m &amp#27;[37m[Status of Sara : role (&amp#27;[37;1mVoleur&amp#27;[37m), &amp#27;[33m4 golds&amp#27;[37m, hand {}, city {(&amp#27;[34mMonastere,3&amp#27;[37m)(&amp#27;[33mManoir,3&amp#27;[37m)(&amp#27;[35mCour des miracles,2&amp#27;[37m)(&amp#27;[33mPalais,5&amp#27;[37m)(&amp#27;[31mCaserne,3&amp#27;[37m)}]
 &amp#27;[0m&amp#27;[37m Sara chose to steal from Condottiere
 &amp#27;[0m&amp#27;[37m Sara earned &amp#27;[33m2 golds &amp#27;[37m. Total golds now: 6
 &amp#27;[0m&amp#27;[37m &amp#27;[37m[Status of Sara : role (&amp#27;[37;1mVoleur&amp#27;[37m), &amp#27;[33m6 golds&amp#27;[37m, hand {}, city {(&amp#27;[34mMonastere,3&amp#27;[37m)(&amp#27;[33mManoir,3&amp#27;[37m)(&amp#27;[35mCour des miracles,2&amp#27;[37m)(&amp#27;[33mPalais,5&amp#27;[37m)(&amp#27;[31mCaserne,3&amp#27;[37m)}]
 &amp#27;[0m&amp#27;[37m 
&amp#27;[32m  ------------------------------------------------------------The turn of Sara is over ------------------------------------------------------------------
 &amp#27;[0m&amp#27;[37m &amp#27;[32m------------------------------------------------------------The turn of Alban is starting -----------------------------------------------------

 &amp#27;[0m&amp#27;[37m &amp#27;[37m[Status of Alban : role (&amp#27;[37;1mMagicien&amp#27;[37m), &amp#27;[33m4 golds&amp#27;[37m, hand {(&amp#27;[31mForteresse,5&amp#27;[37m)}, city {(&amp#27;[32mTaverne,1&amp#27;[37m)(&amp#27;[32mEchoppe,2&amp#27;[37m)(&amp#27;[34mEglise,2&amp#27;[37m)(&amp#27;[33mChateau,4&amp#27;[37m)(&amp#27;[32mHotel de ville,5&amp#27;[37m)}]
 &amp#27;[0m&amp#27;[37m Alban earned &amp#27;[33m2 golds &amp#27;[37m. Total golds now: 6
 &amp#27;[0m&amp#27;[37m Alban built a new Forteresse and now has 1 golds and has in hand: 0 districts
 &amp#27;[0m&amp#27;[37m &amp#27;[37m[Status of Alban : role (&amp#27;[37;1mMagicien&amp#27;[37m), &amp#27;[33m1 golds&amp#27;[37m, hand {}, city {(&amp#27;[32mTaverne,1&amp#27;[37m)(&amp#27;[32mEchoppe,2&amp#27;[37m)(&amp#27;[34mEglise,2&amp#27;[37m)(&amp#27;[33mChateau,4&amp#27;[37m)(&amp#27;[32mHotel de ville,5&amp#27;[37m)(&amp#27;[31mForteresse,5&amp#27;[37m)}]
 &amp#27;[0m&amp#27;[37m 
&amp#27;[32m  ------------------------------------------------------------The turn of Alban is over ------------------------------------------------------------------
 &amp#27;[0m&amp#27;[37m &amp#27;[32m------------------------------------------------------------The turn of Stacy is starting -----------------------------------------------------

 &amp#27;[0m&amp#27;[37m &amp#27;[37m[Status of Stacy : role (&amp#27;[33mRoi&amp#27;[37m), &amp#27;[33m4 golds&amp#27;[37m, hand {(&amp#27;[33mPalais,5&amp#27;[37m)}, city {(&amp#27;[33mManoir,3&amp#27;[37m)(&amp#27;[31mPrison,2&amp#27;[37m)(&amp#27;[32mMarche,2&amp#27;[37m)(&amp#27;[31mTour de guet,1&amp#27;[37m)}]
 &amp#27;[0m&amp#27;[37m Stacy earned &amp#27;[33m2 golds &amp#27;[37m. Total golds now: 6
 &amp#27;[0m&amp#27;[37m Stacy build a new Palais because it is the same type as his character.
 &amp#27;[0m&amp#27;[37m Stacy built a new Palais and now has 1 golds and has in hand: 0 districts
 &amp#27;[0m&amp#27;[37m Stacy has won 2 golds by noble buildings and has now 3 golds
 &amp#27;[0m&amp#27;[37m &amp#27;[37m[Status of Stacy : role (&amp#27;[33mRoi&amp#27;[37m), &amp#27;[33m3 golds&amp#27;[37m, hand {}, city {(&amp#27;[33mManoir,3&amp#27;[37m)(&amp#27;[31mPrison,2&amp#27;[37m)(&amp#27;[32mMarche,2&amp#27;[37m)(&amp#27;[31mTour de guet,1&amp#27;[37m)(&amp#27;[33mPalais,5&amp#27;[37m)}]
 &amp#27;[0m&amp#27;[37m 
&amp#27;[32m  ------------------------------------------------------------The turn of Stacy is over ------------------------------------------------------------------
 &amp#27;[0m&amp#27;[37m Nora has been killed so Nora's turn is skipped
 &amp#27;[0m&amp#27;[37m &amp#27;[32m++++++++++++++++++++++++++++++++++++++++++++++++++++++++++++Turn 9 is over&amp#27;[32m+++++++++++++++++++++++++++++++++++++++++++++++++++++++++++++++++

 &amp#27;[0m&amp#27;[37m Stacy has crown and start the call of the characters
 &amp#27;[0m&amp#27;[37m Destroyed character: &amp#27;[37;1mArchitecte&amp#27;[37m
 &amp#27;[0m&amp#27;[37m Destroyed character: &amp#27;[34mEveque&amp#27;[37m
 &amp#27;[0m&amp#27;[37m Destroyed character: &amp#27;[37;1mMagicien&amp#27;[37m
 &amp#27;[0m&amp#27;[37m Stacy With crown Picked &amp#27;[31mCondottiere&amp#27;[37m
 &amp#27;[0m&amp#27;[37m Richardo decided to pick Assassin because it smells like thief
 &amp#27;[0m&amp#27;[37m Richardo Picked &amp#27;[37;1mAssassin&amp#27;[37m
 &amp#27;[0m&amp#27;[37m Sara Picked &amp#27;[37;1mVoleur&amp#27;[37m
 &amp#27;[0m&amp#27;[37m Alban has picked Marchand because Alban has 2 or more marchand districts in his city
 &amp#27;[0m&amp#27;[37m Alban Picked &amp#27;[32mMarchand&amp#27;[37m
 &amp#27;[0m&amp#27;[37m Nora predicts opponents might choose Magicien next
 &amp#27;[0m&amp#27;[37m Nora Picked &amp#27;[33mRoi&amp#27;[37m
 &amp#27;[0m&amp#27;[37m &amp#27;[32m++++++++++++++++++++++++++++++++++++++++++++++++++++++++++++Turn 10 is starting&amp#27;[32m+++++++++++++++++++++++++++++++++++++++++++++++++++++++++++++++++

 &amp#27;[0m&amp#27;[37m &amp#27;[32m------------------------------------------------------------The turn of Richardo is starting -----------------------------------------------------

 &amp#27;[0m&amp#27;[37m &amp#27;[37m[Status of Richardo : role (&amp#27;[37;1mAssassin&amp#27;[37m), &amp#27;[33m6 golds&amp#27;[37m, hand {(&amp#27;[32mPort,4&amp#27;[37m)}, city {(&amp#27;[32mPort,4&amp#27;[37m)(&amp#27;[31mTour de guet,1&amp#27;[37m)(&amp#27;[33mChateau,4&amp#27;[37m)(&amp#27;[34mCathedrale,5&amp#27;[37m)}]
 &amp#27;[0m&amp#27;[37m Richardo chose to kill Magicien
 &amp#27;[0m&amp#27;[37m Richardo drew the following cards : {&amp#27;[35m(Observatoire, 5)&amp#27;[37m,&amp#27;[31m(Forteresse, 5)&amp#27;[37m}
 &amp#27;[0m&amp#27;[37m Richardo choose to pick : {&amp#27;[31m(Forteresse, 5)&amp#27;[37m}
 &amp#27;[0m&amp#27;[37m Richardo has now in hand: 2 districts
 &amp#27;[0m&amp#27;[37m Richardo built a new Forteresse and now has 1 golds and has in hand: 1 districts
 &amp#27;[0m&amp#27;[37m &amp#27;[37m[Status of Richardo : role (&amp#27;[37;1mAssassin&amp#27;[37m), &amp#27;[33m1 golds&amp#27;[37m, hand {(&amp#27;[32mPort,4&amp#27;[37m)}, city {(&amp#27;[32mPort,4&amp#27;[37m)(&amp#27;[31mTour de guet,1&amp#27;[37m)(&amp#27;[33mChateau,4&amp#27;[37m)(&amp#27;[34mCathedrale,5&amp#27;[37m)(&amp#27;[31mForteresse,5&amp#27;[37m)}]
 &amp#27;[0m&amp#27;[37m 
&amp#27;[32m  ------------------------------------------------------------The turn of Richardo is over ------------------------------------------------------------------
 &amp#27;[0m&amp#27;[37m &amp#27;[32m------------------------------------------------------------The turn of Sara is starting -----------------------------------------------------

 &amp#27;[0m&amp#27;[37m &amp#27;[37m[Status of Sara : role (&amp#27;[37;1mVoleur&amp#27;[37m), &amp#27;[33m6 golds&amp#27;[37m, hand {}, city {(&amp#27;[34mMonastere,3&amp#27;[37m)(&amp#27;[33mManoir,3&amp#27;[37m)(&amp#27;[35mCour des miracles,2&amp#27;[37m)(&amp#27;[33mPalais,5&amp#27;[37m)(&amp#27;[31mCaserne,3&amp#27;[37m)}]
 &amp#27;[0m&amp#27;[37m Sara chose to steal from Roi
 &amp#27;[0m&amp#27;[37m Sara drew the following cards : {&amp#27;[33m(Chateau, 4)&amp#27;[37m,&amp#27;[32m(Echoppe, 2)&amp#27;[37m}
 &amp#27;[0m&amp#27;[37m Sara choose to pick : {&amp#27;[32m(Echoppe, 2)&amp#27;[37m}
 &amp#27;[0m&amp#27;[37m Sara has now in hand: 1 districts
 &amp#27;[0m&amp#27;[37m Sara is aiming for 5 colors bonus 
 &amp#27;[0m&amp#27;[37m Sara built a new Echoppe and now has 4 golds and has in hand: 0 districts
 &amp#27;[0m&amp#27;[37m &amp#27;[37m[Status of Sara : role (&amp#27;[37;1mVoleur&amp#27;[37m), &amp#27;[33m4 golds&amp#27;[37m, hand {}, city {(&amp#27;[34mMonastere,3&amp#27;[37m)(&amp#27;[33mManoir,3&amp#27;[37m)(&amp#27;[35mCour des miracles,2&amp#27;[37m)(&amp#27;[33mPalais,5&amp#27;[37m)(&amp#27;[31mCaserne,3&amp#27;[37m)(&amp#27;[32mEchoppe,2&amp#27;[37m)}]
 &amp#27;[0m&amp#27;[37m 
&amp#27;[32m  ------------------------------------------------------------The turn of Sara is over ------------------------------------------------------------------
 &amp#27;[0m&amp#27;[37m &amp#27;[32m------------------------------------------------------------The turn of Nora is starting -----------------------------------------------------

 &amp#27;[0m&amp#27;[37m &amp#27;[37m[Status of Nora : role (&amp#27;[33mRoi&amp#27;[37m), &amp#27;[33m1 golds&amp#27;[37m, hand {(&amp#27;[32mPort,4&amp#27;[37m)}, city {(&amp#27;[34mCathedrale,5&amp#27;[37m)(&amp#27;[32mHotel de ville,5&amp#27;[37m)(&amp#27;[34mTemple,1&amp#27;[37m)(&amp#27;[31mCaserne,3&amp#27;[37m)(&amp#27;[34mEglise,2&amp#27;[37m)(&amp#27;[32mMarche,2&amp#27;[37m)}]
 &amp#27;[0m&amp#27;[37m Sara stole golds from Nora. Sara has now 5 golds and Nora has 0 gold
 &amp#27;[0m&amp#27;[37m Nora earned &amp#27;[33m2 golds &amp#27;[37m. Total golds now: 2
 &amp#27;[0m&amp#27;[37m &amp#27;[37m[Status of Nora : role (&amp#27;[33mRoi&amp#27;[37m), &amp#27;[33m2 golds&amp#27;[37m, hand {(&amp#27;[32mPort,4&amp#27;[37m)}, city {(&amp#27;[34mCathedrale,5&amp#27;[37m)(&amp#27;[32mHotel de ville,5&amp#27;[37m)(&amp#27;[34mTemple,1&amp#27;[37m)(&amp#27;[31mCaserne,3&amp#27;[37m)(&amp#27;[34mEglise,2&amp#27;[37m)(&amp#27;[32mMarche,2&amp#27;[37m)}]
 &amp#27;[0m&amp#27;[37m 
&amp#27;[32m  ------------------------------------------------------------The turn of Nora is over ------------------------------------------------------------------
 &amp#27;[0m&amp#27;[37m &amp#27;[32m------------------------------------------------------------The turn of Alban is starting -----------------------------------------------------

 &amp#27;[0m&amp#27;[37m &amp#27;[37m[Status of Alban : role (&amp#27;[32mMarchand&amp#27;[37m), &amp#27;[33m1 golds&amp#27;[37m, hand {}, city {(&amp#27;[32mTaverne,1&amp#27;[37m)(&amp#27;[32mEchoppe,2&amp#27;[37m)(&amp#27;[34mEglise,2&amp#27;[37m)(&amp#27;[33mChateau,4&amp#27;[37m)(&amp#27;[32mHotel de ville,5&amp#27;[37m)(&amp#27;[31mForteresse,5&amp#27;[37m)}]
 &amp#27;[0m&amp#27;[37m By being a merchant, Alban earned 1 gold. Total golds now: 2
 &amp#27;[0m&amp#27;[37m Alban drew the following cards : {&amp#27;[35m(Laboratoire, 5)&amp#27;[37m,&amp#27;[32m(Marche, 2)&amp#27;[37m}
 &amp#27;[0m&amp#27;[37m Alban choose to pick : {&amp#27;[32m(Marche, 2)&amp#27;[37m}
 &amp#27;[0m&amp#27;[37m Alban has now in hand: 1 districts
 &amp#27;[0m&amp#27;[37m Alban built a new Marche and now has 0 golds and has in hand: 0 districts
 &amp#27;[0m&amp#27;[37m Alban has won 4 golds by marchand buildings and has now 4 golds
 &amp#27;[0m&amp#27;[37m &amp#27;[37m[Status of Alban : role (&amp#27;[32mMarchand&amp#27;[37m), &amp#27;[33m4 golds&amp#27;[37m, hand {}, city {(&amp#27;[32mTaverne,1&amp#27;[37m)(&amp#27;[32mEchoppe,2&amp#27;[37m)(&amp#27;[34mEglise,2&amp#27;[37m)(&amp#27;[33mChateau,4&amp#27;[37m)(&amp#27;[32mHotel de ville,5&amp#27;[37m)(&amp#27;[31mForteresse,5&amp#27;[37m)(&amp#27;[32mMarche,2&amp#27;[37m)}]
 &amp#27;[0m&amp#27;[37m 
&amp#27;[32m  ------------------------------------------------------------The turn of Alban is over ------------------------------------------------------------------
 &amp#27;[0m&amp#27;[37m &amp#27;[32m------------------------------------------------------------The turn of Stacy is starting -----------------------------------------------------

 &amp#27;[0m&amp#27;[37m &amp#27;[37m[Status of Stacy : role (&amp#27;[31mCondottiere&amp#27;[37m), &amp#27;[33m3 golds&amp#27;[37m, hand {}, city {(&amp#27;[33mManoir,3&amp#27;[37m)(&amp#27;[31mPrison,2&amp#27;[37m)(&amp#27;[32mMarche,2&amp#27;[37m)(&amp#27;[31mTour de guet,1&amp#27;[37m)(&amp#27;[33mPalais,5&amp#27;[37m)}]
 &amp#27;[0m&amp#27;[37m City of Alban : &amp#27;[32m(Hotel de ville, 5)&amp#27;[37m,&amp#27;[31m(Forteresse, 5)&amp#27;[37m,&amp#27;[33m(Chateau, 4)&amp#27;[37m,&amp#27;[32m(Echoppe, 2)&amp#27;[37m,&amp#27;[34m(Eglise, 2)&amp#27;[37m,&amp#27;[32m(Marche, 2)&amp#27;[37m,&amp#27;[32m(Taverne, 1)&amp#27;[37m
 &amp#27;[0m&amp#27;[37m Stacy destroyed (Chateau, 4) of Alban and now has 0 golds
 &amp#27;[0m&amp#27;[37m Stacy chose Eglise because it is a special district and the most expensive and is not in his hand or city.
 &amp#27;[0m&amp#27;[37m Stacy drew the following cards : {&amp#27;[31m(Prison, 2)&amp#27;[37m,&amp#27;[34m(Eglise, 2)&amp#27;[37m}
 &amp#27;[0m&amp#27;[37m Stacy choose to pick : {&amp#27;[34m(Eglise, 2)&amp#27;[37m}
 &amp#27;[0m&amp#27;[37m Stacy has now in hand: 1 districts
 &amp#27;[0m&amp#27;[37m Stacy has won 2 golds by militaire buildings and has now 2 golds
 &amp#27;[0m&amp#27;[37m &amp#27;[37m[Status of Stacy : role (&amp#27;[31mCondottiere&amp#27;[37m), &amp#27;[33m2 golds&amp#27;[37m, hand {(&amp#27;[34mEglise,2&amp#27;[37m)}, city {(&amp#27;[33mManoir,3&amp#27;[37m)(&amp#27;[31mPrison,2&amp#27;[37m)(&amp#27;[32mMarche,2&amp#27;[37m)(&amp#27;[31mTour de guet,1&amp#27;[37m)(&amp#27;[33mPalais,5&amp#27;[37m)}]
 &amp#27;[0m&amp#27;[37m 
&amp#27;[32m  ------------------------------------------------------------The turn of Stacy is over ------------------------------------------------------------------
 &amp#27;[0m&amp#27;[37m &amp#27;[32m++++++++++++++++++++++++++++++++++++++++++++++++++++++++++++Turn 10 is over&amp#27;[32m+++++++++++++++++++++++++++++++++++++++++++++++++++++++++++++++++

 &amp#27;[0m&amp#27;[37m Nora has crown and start the call of the characters
 &amp#27;[0m&amp#27;[37m Destroyed character: &amp#27;[37;1mAssassin&amp#27;[37m
 &amp#27;[0m&amp#27;[37m Destroyed character: &amp#27;[37;1mVoleur&amp#27;[37m
 &amp#27;[0m&amp#27;[37m Destroyed character: &amp#27;[34mEveque&amp#27;[37m
 &amp#27;[0m&amp#27;[37m Nora predicts opponents might choose Magicien next
 &amp#27;[0m&amp#27;[37m Nora With crown Picked &amp#27;[32mMarchand&amp#27;[37m
 &amp#27;[0m&amp#27;[37m Richardo Picked &amp#27;[33mRoi&amp#27;[37m
 &amp#27;[0m&amp#27;[37m Sara Picked &amp#27;[31mCondottiere&amp#27;[37m
 &amp#27;[0m&amp#27;[37m Alban Picked &amp#27;[37;1mMagicien&amp#27;[37m
 &amp#27;[0m&amp#27;[37m Stacy Picked &amp#27;[37;1mArchitecte&amp#27;[37m
 &amp#27;[0m&amp#27;[37m &amp#27;[32m++++++++++++++++++++++++++++++++++++++++++++++++++++++++++++Turn 11 is starting&amp#27;[32m+++++++++++++++++++++++++++++++++++++++++++++++++++++++++++++++++

 &amp#27;[0m&amp#27;[37m &amp#27;[32m------------------------------------------------------------The turn of Alban is starting -----------------------------------------------------

 &amp#27;[0m&amp#27;[37m &amp#27;[37m[Status of Alban : role (&amp#27;[37;1mMagicien&amp#27;[37m), &amp#27;[33m4 golds&amp#27;[37m, hand {}, city {(&amp#27;[32mHotel de ville,5&amp#27;[37m)(&amp#27;[31mForteresse,5&amp#27;[37m)(&amp#27;[32mEchoppe,2&amp#27;[37m)(&amp#27;[34mEglise,2&amp#27;[37m)(&amp#27;[32mMarche,2&amp#27;[37m)(&amp#27;[32mTaverne,1&amp#27;[37m)}]
 &amp#27;[0m&amp#27;[37m Alban drew the following cards : {&amp#27;[35m(Cimetiere, 5)&amp#27;[37m,&amp#27;[31m(Tour de guet, 1)&amp#27;[37m}
 &amp#27;[0m&amp#27;[37m Alban choose to pick : {&amp#27;[31m(Tour de guet, 1)&amp#27;[37m}
 &amp#27;[0m&amp#27;[37m Alban has now in hand: 1 districts
 &amp#27;[0m&amp#27;[37m Alban built a new Tour de guet and now has 3 golds and has in hand: 0 districts
 &amp#27;[0m&amp#27;[37m &amp#27;[37m[Status of Alban : role (&amp#27;[37;1mMagicien&amp#27;[37m), &amp#27;[33m3 golds&amp#27;[37m, hand {}, city {(&amp#27;[32mHotel de ville,5&amp#27;[37m)(&amp#27;[31mForteresse,5&amp#27;[37m)(&amp#27;[32mEchoppe,2&amp#27;[37m)(&amp#27;[34mEglise,2&amp#27;[37m)(&amp#27;[32mMarche,2&amp#27;[37m)(&amp#27;[32mTaverne,1&amp#27;[37m)(&amp#27;[31mTour de guet,1&amp#27;[37m)}]
 &amp#27;[0m&amp#27;[37m 
&amp#27;[32m  ------------------------------------------------------------The turn of Alban is over ------------------------------------------------------------------
 &amp#27;[0m&amp#27;[37m &amp#27;[32m------------------------------------------------------------The turn of Richardo is starting -----------------------------------------------------

 &amp#27;[0m&amp#27;[37m &amp#27;[37m[Status of Richardo : role (&amp#27;[33mRoi&amp#27;[37m), &amp#27;[33m1 golds&amp#27;[37m, hand {(&amp#27;[32mPort,4&amp#27;[37m)}, city {(&amp#27;[32mPort,4&amp#27;[37m)(&amp#27;[31mTour de guet,1&amp#27;[37m)(&amp#27;[33mChateau,4&amp#27;[37m)(&amp#27;[34mCathedrale,5&amp#27;[37m)(&amp#27;[31mForteresse,5&amp#27;[37m)}]
 &amp#27;[0m&amp#27;[37m Richardo earned &amp#27;[33m2 golds &amp#27;[37m. Total golds now: 3
 &amp#27;[0m&amp#27;[37m Richardo has won 1 golds by noble buildings and has now 4 golds
 &amp#27;[0m&amp#27;[37m &amp#27;[37m[Status of Richardo : role (&amp#27;[33mRoi&amp#27;[37m), &amp#27;[33m4 golds&amp#27;[37m, hand {(&amp#27;[32mPort,4&amp#27;[37m)}, city {(&amp#27;[32mPort,4&amp#27;[37m)(&amp#27;[31mTour de guet,1&amp#27;[37m)(&amp#27;[33mChateau,4&amp#27;[37m)(&amp#27;[34mCathedrale,5&amp#27;[37m)(&amp#27;[31mForteresse,5&amp#27;[37m)}]
 &amp#27;[0m&amp#27;[37m 
&amp#27;[32m  ------------------------------------------------------------The turn of Richardo is over ------------------------------------------------------------------
 &amp#27;[0m&amp#27;[37m &amp#27;[32m------------------------------------------------------------The turn of Nora is starting -----------------------------------------------------

 &amp#27;[0m&amp#27;[37m &amp#27;[37m[Status of Nora : role (&amp#27;[32mMarchand&amp#27;[37m), &amp#27;[33m2 golds&amp#27;[37m, hand {(&amp#27;[32mPort,4&amp#27;[37m)}, city {(&amp#27;[34mCathedrale,5&amp#27;[37m)(&amp#27;[32mHotel de ville,5&amp#27;[37m)(&amp#27;[34mTemple,1&amp#27;[37m)(&amp#27;[31mCaserne,3&amp#27;[37m)(&amp#27;[34mEglise,2&amp#27;[37m)(&amp#27;[32mMarche,2&amp#27;[37m)}]
 &amp#27;[0m&amp#27;[37m By being a merchant, Nora earned 1 gold. Total golds now: 3
 &amp#27;[0m&amp#27;[37m Nora earned &amp#27;[33m2 golds &amp#27;[37m. Total golds now: 5
 &amp#27;[0m&amp#27;[37m Nora built Port to block opponents from gaining an advantage
 &amp#27;[0m&amp#27;[37m Nora built a new Port and now has 1 golds and has in hand: 0 districts
 &amp#27;[0m&amp#27;[37m Nora has won 3 golds by marchand buildings and has now 4 golds
 &amp#27;[0m&amp#27;[37m &amp#27;[37m[Status of Nora : role (&amp#27;[32mMarchand&amp#27;[37m), &amp#27;[33m4 golds&amp#27;[37m, hand {}, city {(&amp#27;[34mCathedrale,5&amp#27;[37m)(&amp#27;[32mHotel de ville,5&amp#27;[37m)(&amp#27;[34mTemple,1&amp#27;[37m)(&amp#27;[31mCaserne,3&amp#27;[37m)(&amp#27;[34mEglise,2&amp#27;[37m)(&amp#27;[32mMarche,2&amp#27;[37m)(&amp#27;[32mPort,4&amp#27;[37m)}]
 &amp#27;[0m&amp#27;[37m 
&amp#27;[32m  ------------------------------------------------------------The turn of Nora is over ------------------------------------------------------------------
 &amp#27;[0m&amp#27;[37m &amp#27;[32m------------------------------------------------------------The turn of Stacy is starting -----------------------------------------------------

 &amp#27;[0m&amp#27;[37m &amp#27;[37m[Status of Stacy : role (&amp#27;[37;1mArchitecte&amp#27;[37m), &amp#27;[33m2 golds&amp#27;[37m, hand {(&amp#27;[34mEglise,2&amp#27;[37m)}, city {(&amp#27;[33mManoir,3&amp#27;[37m)(&amp#27;[31mPrison,2&amp#27;[37m)(&amp#27;[32mMarche,2&amp#27;[37m)(&amp#27;[31mTour de guet,1&amp#27;[37m)(&amp#27;[33mPalais,5&amp#27;[37m)}]
 &amp#27;[0m&amp#27;[37m Stacy earned &amp#27;[33m2 golds &amp#27;[37m. Total golds now: 4
 &amp#27;[0m&amp#27;[37m Stacy build a new Eglise because it is the most frequent type.
 &amp#27;[0m&amp#27;[37m Stacy built a new Eglise and now has 2 golds and has in hand: 0 districts
 &amp#27;[0m&amp#27;[37m Stacy chose Universite because it is not in his hand or city.
 &amp#27;[0m&amp#27;[37m Stacy drew the following cards : {&amp#27;[33m(Manoir, 3)&amp#27;[37m,&amp#27;[35m(Universite, 6)&amp#27;[37m}
 &amp#27;[0m&amp#27;[37m Stacy choose to pick : {&amp#27;[35m(Universite, 6)&amp#27;[37m}
 &amp#27;[0m&amp#27;[37m Stacy has now in hand: 1 districts
 &amp#27;[0m&amp#27;[37m &amp#27;[37m[Status of Stacy : role (&amp#27;[37;1mArchitecte&amp#27;[37m), &amp#27;[33m2 golds&amp#27;[37m, hand {(&amp#27;[35mUniversite,6&amp#27;[37m)}, city {(&amp#27;[33mManoir,3&amp#27;[37m)(&amp#27;[31mPrison,2&amp#27;[37m)(&amp#27;[32mMarche,2&amp#27;[37m)(&amp#27;[31mTour de guet,1&amp#27;[37m)(&amp#27;[33mPalais,5&amp#27;[37m)(&amp#27;[34mEglise,2&amp#27;[37m)}]
 &amp#27;[0m&amp#27;[37m 
&amp#27;[32m  ------------------------------------------------------------The turn of Stacy is over ------------------------------------------------------------------
 &amp#27;[0m&amp#27;[37m &amp#27;[32m------------------------------------------------------------The turn of Sara is starting -----------------------------------------------------

 &amp#27;[0m&amp#27;[37m &amp#27;[37m[Status of Sara : role (&amp#27;[31mCondottiere&amp#27;[37m), &amp#27;[33m5 golds&amp#27;[37m, hand {}, city {(&amp#27;[34mMonastere,3&amp#27;[37m)(&amp#27;[33mManoir,3&amp#27;[37m)(&amp#27;[35mCour des miracles,2&amp#27;[37m)(&amp#27;[33mPalais,5&amp#27;[37m)(&amp#27;[31mCaserne,3&amp#27;[37m)(&amp#27;[32mEchoppe,2&amp#27;[37m)}]
 &amp#27;[0m&amp#27;[37m City of Alban : &amp#27;[32m(Hotel de ville, 5)&amp#27;[37m,&amp#27;[31m(Forteresse, 5)&amp#27;[37m,&amp#27;[32m(Echoppe, 2)&amp#27;[37m,&amp#27;[34m(Eglise, 2)&amp#27;[37m,&amp#27;[32m(Marche, 2)&amp#27;[37m,&amp#27;[32m(Taverne, 1)&amp#27;[37m,&amp#27;[31m(Tour de guet, 1)&amp#27;[37m
 &amp#27;[0m&amp#27;[37m Sara destroyed (Hotel de ville, 5) of Alban and now has 1 golds
 &amp#27;[0m&amp#27;[37m Sara drew the following cards : {&amp#27;[32m(Comptoir, 3)&amp#27;[37m,&amp#27;[34m(Eglise, 2)&amp#27;[37m}
 &amp#27;[0m&amp#27;[37m Sara choose to pick : {&amp#27;[34m(Eglise, 2)&amp#27;[37m}
 &amp#27;[0m&amp#27;[37m Sara has now in hand: 1 districts
 &amp#27;[0m&amp#27;[37m Sara has won 1 golds by militaire buildings and has now 2 golds
 &amp#27;[0m&amp#27;[37m &amp#27;[37m[Status of Sara : role (&amp#27;[31mCondottiere&amp#27;[37m), &amp#27;[33m2 golds&amp#27;[37m, hand {(&amp#27;[34mEglise,2&amp#27;[37m)}, city {(&amp#27;[34mMonastere,3&amp#27;[37m)(&amp#27;[33mManoir,3&amp#27;[37m)(&amp#27;[35mCour des miracles,2&amp#27;[37m)(&amp#27;[33mPalais,5&amp#27;[37m)(&amp#27;[31mCaserne,3&amp#27;[37m)(&amp#27;[32mEchoppe,2&amp#27;[37m)}]
 &amp#27;[0m&amp#27;[37m 
&amp#27;[32m  ------------------------------------------------------------The turn of Sara is over ------------------------------------------------------------------
 &amp#27;[0m&amp#27;[37m &amp#27;[32m++++++++++++++++++++++++++++++++++++++++++++++++++++++++++++Turn 11 is over&amp#27;[32m+++++++++++++++++++++++++++++++++++++++++++++++++++++++++++++++++

 &amp#27;[0m&amp#27;[37m Richardo has crown and start the call of the characters
 &amp#27;[0m&amp#27;[37m Destroyed character: &amp#27;[37;1mMagicien&amp#27;[37m
 &amp#27;[0m&amp#27;[37m Destroyed character: &amp#27;[37;1mVoleur&amp#27;[37m
 &amp#27;[0m&amp#27;[37m Destroyed character: &amp#27;[37;1mAssassin&amp#27;[37m
 &amp#27;[0m&amp#27;[37m Richardo decided to pick Eveque because he's now trying to stop 
 &amp#27;[0m&amp#27;[37m Richardo With crown Picked &amp#27;[34mEveque&amp#27;[37m
 &amp#27;[0m&amp#27;[37m Alban has picked Condottiere because Alban has 2 or more militaire districts in his city
 &amp#27;[0m&amp#27;[37m Alban Picked &amp#27;[31mCondottiere&amp#27;[37m
 &amp#27;[0m&amp#27;[37m Nora predicts opponents might choose Magicien next
 &amp#27;[0m&amp#27;[37m Nora Picked &amp#27;[32mMarchand&amp#27;[37m
 &amp#27;[0m&amp#27;[37m Stacy Picked &amp#27;[33mRoi&amp#27;[37m
 &amp#27;[0m&amp#27;[37m Sara Picked &amp#27;[37;1mArchitecte&amp#27;[37m
 &amp#27;[0m&amp#27;[37m &amp#27;[32m++++++++++++++++++++++++++++++++++++++++++++++++++++++++++++Turn 12 is starting&amp#27;[32m+++++++++++++++++++++++++++++++++++++++++++++++++++++++++++++++++

 &amp#27;[0m&amp#27;[37m &amp#27;[32m------------------------------------------------------------The turn of Stacy is starting -----------------------------------------------------

 &amp#27;[0m&amp#27;[37m &amp#27;[37m[Status of Stacy : role (&amp#27;[33mRoi&amp#27;[37m), &amp#27;[33m2 golds&amp#27;[37m, hand {(&amp#27;[35mUniversite,6&amp#27;[37m)}, city {(&amp#27;[33mManoir,3&amp#27;[37m)(&amp#27;[31mPrison,2&amp#27;[37m)(&amp#27;[32mMarche,2&amp#27;[37m)(&amp#27;[31mTour de guet,1&amp#27;[37m)(&amp#27;[33mPalais,5&amp#27;[37m)(&amp#27;[34mEglise,2&amp#27;[37m)}]
 &amp#27;[0m&amp#27;[37m Stacy earned &amp#27;[33m2 golds &amp#27;[37m. Total golds now: 4
 &amp#27;[0m&amp#27;[37m Stacy has won 2 golds by noble buildings and has now 6 golds
 &amp#27;[0m&amp#27;[37m &amp#27;[37m[Status of Stacy : role (&amp#27;[33mRoi&amp#27;[37m), &amp#27;[33m6 golds&amp#27;[37m, hand {(&amp#27;[35mUniversite,6&amp#27;[37m)}, city {(&amp#27;[33mManoir,3&amp#27;[37m)(&amp#27;[31mPrison,2&amp#27;[37m)(&amp#27;[32mMarche,2&amp#27;[37m)(&amp#27;[31mTour de guet,1&amp#27;[37m)(&amp#27;[33mPalais,5&amp#27;[37m)(&amp#27;[34mEglise,2&amp#27;[37m)}]
 &amp#27;[0m&amp#27;[37m 
&amp#27;[32m  ------------------------------------------------------------The turn of Stacy is over ------------------------------------------------------------------
 &amp#27;[0m&amp#27;[37m &amp#27;[32m------------------------------------------------------------The turn of Richardo is starting -----------------------------------------------------

 &amp#27;[0m&amp#27;[37m &amp#27;[37m[Status of Richardo : role (&amp#27;[34mEveque&amp#27;[37m), &amp#27;[33m4 golds&amp#27;[37m, hand {(&amp#27;[32mPort,4&amp#27;[37m)}, city {(&amp#27;[32mPort,4&amp#27;[37m)(&amp#27;[31mTour de guet,1&amp#27;[37m)(&amp#27;[33mChateau,4&amp#27;[37m)(&amp#27;[34mCathedrale,5&amp#27;[37m)(&amp#27;[31mForteresse,5&amp#27;[37m)}]
 &amp#27;[0m&amp#27;[37m Richardo earned &amp#27;[33m2 golds &amp#27;[37m. Total golds now: 6
 &amp#27;[0m&amp#27;[37m Richardo has won 1 golds by religieux buildings and has now 7 golds
 &amp#27;[0m&amp#27;[37m &amp#27;[37m[Status of Richardo : role (&amp#27;[34mEveque&amp#27;[37m), &amp#27;[33m7 golds&amp#27;[37m, hand {(&amp#27;[32mPort,4&amp#27;[37m)}, city {(&amp#27;[32mPort,4&amp#27;[37m)(&amp#27;[31mTour de guet,1&amp#27;[37m)(&amp#27;[33mChateau,4&amp#27;[37m)(&amp#27;[34mCathedrale,5&amp#27;[37m)(&amp#27;[31mForteresse,5&amp#27;[37m)}]
 &amp#27;[0m&amp#27;[37m 
&amp#27;[32m  ------------------------------------------------------------The turn of Richardo is over ------------------------------------------------------------------
 &amp#27;[0m&amp#27;[37m &amp#27;[32m------------------------------------------------------------The turn of Nora is starting -----------------------------------------------------

 &amp#27;[0m&amp#27;[37m &amp#27;[37m[Status of Nora : role (&amp#27;[32mMarchand&amp#27;[37m), &amp#27;[33m4 golds&amp#27;[37m, hand {}, city {(&amp#27;[34mCathedrale,5&amp#27;[37m)(&amp#27;[32mHotel de ville,5&amp#27;[37m)(&amp#27;[34mTemple,1&amp#27;[37m)(&amp#27;[31mCaserne,3&amp#27;[37m)(&amp#27;[34mEglise,2&amp#27;[37m)(&amp#27;[32mMarche,2&amp#27;[37m)(&amp#27;[32mPort,4&amp#27;[37m)}]
 &amp#27;[0m&amp#27;[37m By being a merchant, Nora earned 1 gold. Total golds now: 5
 &amp#27;[0m&amp#27;[37m Reason for choosing Monastere: It was affordable and fits the strategy to build quickly.
 &amp#27;[0m&amp#27;[37m Nora drew the following cards : {&amp#27;[33m(Manoir, 3)&amp#27;[37m,&amp#27;[34m(Monastere, 3)&amp#27;[37m}
 &amp#27;[0m&amp#27;[37m Nora choose to pick : {&amp#27;[34m(Monastere, 3)&amp#27;[37m}
 &amp#27;[0m&amp#27;[37m Nora has now in hand: 1 districts
 &amp#27;[0m&amp#27;[37m Nora built Monastere based on cost-efficiency and scoring potential
 &amp#27;[0m&amp#27;[37m Nora built a new Monastere and now has 2 golds and has in hand: 0 districts
 &amp#27;[0m&amp#27;[37m Nora has won 3 golds by marchand buildings and has now 5 golds
 &amp#27;[0m&amp#27;[37m &amp#27;[37m[Status of Nora : role (&amp#27;[32mMarchand&amp#27;[37m), &amp#27;[33m5 golds&amp#27;[37m, hand {}, city {(&amp#27;[34mCathedrale,5&amp#27;[37m)(&amp#27;[32mHotel de ville,5&amp#27;[37m)(&amp#27;[34mTemple,1&amp#27;[37m)(&amp#27;[31mCaserne,3&amp#27;[37m)(&amp#27;[34mEglise,2&amp#27;[37m)(&amp#27;[32mMarche,2&amp#27;[37m)(&amp#27;[32mPort,4&amp#27;[37m)(&amp#27;[34mMonastere,3&amp#27;[37m)}]
 &amp#27;[0m&amp#27;[37m 
&amp#27;[32m  ------------------------------------------------------------The turn of Nora is over ------------------------------------------------------------------
 &amp#27;[0m&amp#27;[37m &amp#27;[32m------------------------------------------------------------The turn of Sara is starting -----------------------------------------------------

 &amp#27;[0m&amp#27;[37m &amp#27;[37m[Status of Sara : role (&amp#27;[37;1mArchitecte&amp#27;[37m), &amp#27;[33m2 golds&amp#27;[37m, hand {(&amp#27;[34mEglise,2&amp#27;[37m)}, city {(&amp#27;[34mMonastere,3&amp#27;[37m)(&amp#27;[33mManoir,3&amp#27;[37m)(&amp#27;[35mCour des miracles,2&amp#27;[37m)(&amp#27;[33mPalais,5&amp#27;[37m)(&amp#27;[31mCaserne,3&amp#27;[37m)(&amp#27;[32mEchoppe,2&amp#27;[37m)}]
 &amp#27;[0m&amp#27;[37m Sara earned &amp#27;[33m2 golds &amp#27;[37m. Total golds now: 4
 &amp#27;[0m&amp#27;[37m Sara is aiming for 5 colors bonus 
 &amp#27;[0m&amp#27;[37m Sara built a new Eglise and now has 2 golds and has in hand: 0 districts
 &amp#27;[0m&amp#27;[37m Sara drew the following cards : {&amp#27;[35m(Bibliotheque, 6)&amp#27;[37m,&amp#27;[32m(Comptoir, 3)&amp#27;[37m}
 &amp#27;[0m&amp#27;[37m Sara choose to pick : {&amp#27;[32m(Comptoir, 3)&amp#27;[37m}
 &amp#27;[0m&amp#27;[37m Sara has now in hand: 1 districts
 &amp#27;[0m&amp#27;[37m &amp#27;[37m[Status of Sara : role (&amp#27;[37;1mArchitecte&amp#27;[37m), &amp#27;[33m2 golds&amp#27;[37m, hand {(&amp#27;[32mComptoir,3&amp#27;[37m)}, city {(&amp#27;[34mMonastere,3&amp#27;[37m)(&amp#27;[33mManoir,3&amp#27;[37m)(&amp#27;[35mCour des miracles,2&amp#27;[37m)(&amp#27;[33mPalais,5&amp#27;[37m)(&amp#27;[31mCaserne,3&amp#27;[37m)(&amp#27;[32mEchoppe,2&amp#27;[37m)(&amp#27;[34mEglise,2&amp#27;[37m)}]
 &amp#27;[0m&amp#27;[37m 
&amp#27;[32m  ------------------------------------------------------------The turn of Sara is over ------------------------------------------------------------------
 &amp#27;[0m&amp#27;[37m &amp#27;[32m------------------------------------------------------------The turn of Alban is starting -----------------------------------------------------

 &amp#27;[0m&amp#27;[37m &amp#27;[37m[Status of Alban : role (&amp#27;[31mCondottiere&amp#27;[37m), &amp#27;[33m3 golds&amp#27;[37m, hand {}, city {(&amp#27;[31mForteresse,5&amp#27;[37m)(&amp#27;[32mEchoppe,2&amp#27;[37m)(&amp#27;[34mEglise,2&amp#27;[37m)(&amp#27;[32mMarche,2&amp#27;[37m)(&amp#27;[32mTaverne,1&amp#27;[37m)(&amp#27;[31mTour de guet,1&amp#27;[37m)}]
 &amp#27;[0m&amp#27;[37m City of Stacy : &amp#27;[33m(Palais, 5)&amp#27;[37m,&amp#27;[33m(Manoir, 3)&amp#27;[37m,&amp#27;[31m(Prison, 2)&amp#27;[37m,&amp#27;[32m(Marche, 2)&amp#27;[37m,&amp#27;[34m(Eglise, 2)&amp#27;[37m,&amp#27;[31m(Tour de guet, 1)&amp#27;[37m
 &amp#27;[0m&amp#27;[37m Alban destroyed (Manoir, 3) of Stacy and now has 1 golds
 &amp#27;[0m&amp#27;[37m Alban drew the following cards : {&amp#27;[33m(Chateau, 4)&amp#27;[37m,&amp#27;[32m(Taverne, 1)&amp#27;[37m}
 &amp#27;[0m&amp#27;[37m Alban choose to pick : {&amp#27;[32m(Taverne, 1)&amp#27;[37m}
 &amp#27;[0m&amp#27;[37m Alban has now in hand: 1 districts
 &amp#27;[0m&amp#27;[37m Alban has won 2 golds by militaire buildings and has now 3 golds
 &amp#27;[0m&amp#27;[37m &amp#27;[37m[Status of Alban : role (&amp#27;[31mCondottiere&amp#27;[37m), &amp#27;[33m3 golds&amp#27;[37m, hand {(&amp#27;[32mTaverne,1&amp#27;[37m)}, city {(&amp#27;[31mForteresse,5&amp#27;[37m)(&amp#27;[32mEchoppe,2&amp#27;[37m)(&amp#27;[34mEglise,2&amp#27;[37m)(&amp#27;[32mMarche,2&amp#27;[37m)(&amp#27;[32mTaverne,1&amp#27;[37m)(&amp#27;[31mTour de guet,1&amp#27;[37m)}]
 &amp#27;[0m&amp#27;[37m 
&amp#27;[32m  ------------------------------------------------------------The turn of Alban is over ------------------------------------------------------------------
 &amp#27;[0m&amp#27;[37m &amp#27;[32m++++++++++++++++++++++++++++++++++++++++++++++++++++++++++++Turn 12 is over&amp#27;[32m+++++++++++++++++++++++++++++++++++++++++++++++++++++++++++++++++

 &amp#27;[0m&amp#27;[37m Nora ended the game and earns 4 extra points
 &amp#27;[0m]]></system-err>
  </testcase>
</testsuite>