<?xml version="1.0" encoding="UTF-8"?>
<testsuite xmlns:xsi="http://www.w3.org/2001/XMLSchema-instance" xsi:noNamespaceSchemaLocation="https://maven.apache.org/surefire/maven-surefire-plugin/xsd/surefire-test-report-3.0.xsd" version="3.0" name="fr.cotedazur.univ.polytech.startingpoint.characters.CharactersTypeTest" time="0.073" tests="4" errors="0" skipped="0" failures="0">
  <properties>
[...]
</properties>
  <testcase name="getRole" classname="fr.cotedazur.univ.polytech.startingpoint.characters.CharactersTypeTest" time="0.033"/>
  <testcase name="getType" classname="fr.cotedazur.univ.polytech.startingpoint.characters.CharactersTypeTest" time="0.001"/>
  <testcase name="getNumber" classname="fr.cotedazur.univ.polytech.startingpoint.characters.CharactersTypeTest" time="0.001"/>
  <testcase name="getColor" classname="fr.cotedazur.univ.polytech.startingpoint.characters.CharactersTypeTest" time="0.001"/>
</testsuite>