<?xml version="1.0" encoding="UTF-8"?>
<testsuite xmlns:xsi="http://www.w3.org/2001/XMLSchema-instance" xsi:noNamespaceSchemaLocation="https://maven.apache.org/surefire/maven-surefire-plugin/xsd/surefire-test-report-3.0.xsd" version="3.0" name="fr.cotedazur.univ.polytech.startingpoint.richardo.StrategyOpportunisteTest" time="0.03" tests="13" errors="0" skipped="0" failures="0">
  <properties>
[...]
</properties>
  <testcase name="testPickDistrictCardOpportuniste_WithNoSpecialDistrictAvailable" classname="fr.cotedazur.univ.polytech.startingpoint.richardo.StrategyOpportunisteTest" time="0.002">
    <system-err><![CDATA[&amp#27;[37m TestRobot chose Laboratoire because it is not in his hand or city.
 &amp#27;[0m]]></system-err>
  </testcase>
  <testcase name="testTryBuildOpportuniste_WithReligiousDistrictInHandAndEnoughGold" classname="fr.cotedazur.univ.polytech.startingpoint.richardo.StrategyOpportunisteTest" time="0.001"/>
  <testcase name="testPickOpportuniste_PrioritizesCondottiere" classname="fr.cotedazur.univ.polytech.startingpoint.richardo.StrategyOpportunisteTest" time="0">
    <system-err><![CDATA[&amp#27;[37m testRobot prioritizes CONDOTTIERE
 &amp#27;[0m]]></system-err>
  </testcase>
  <testcase name="testChooseVictimForVoleur_WithBots_AssassinType" classname="fr.cotedazur.univ.polytech.startingpoint.richardo.StrategyOpportunisteTest" time="0.005">
    <system-err><![CDATA[&amp#27;[37m &amp#27;[32m------------------------------------------------------------The turn of TestRobot is starting -----------------------------------------------------

 &amp#27;[0m&amp#27;[37m &amp#27;[37m[Status of TestRobot : role (&amp#27;[37;1mAssassin&amp#27;[37m), &amp#27;[33m2 golds&amp#27;[37m, hand {}, city {}]
 &amp#27;[0m&amp#27;[37m TestRobot chose to kill Condottiere
 &amp#27;[0m&amp#27;[37m TestRobot earned &amp#27;[33m2 golds &amp#27;[37m. Total golds now: 4
 &amp#27;[0m&amp#27;[37m &amp#27;[37m[Status of TestRobot : role (&amp#27;[37;1mAssassin&amp#27;[37m), &amp#27;[33m4 golds&amp#27;[37m, hand {}, city {}]
 &amp#27;[0m&amp#27;[37m 
&amp#27;[32m  ------------------------------------------------------------The turn of TestRobot is over ------------------------------------------------------------------
 &amp#27;[0m&amp#27;[37m &amp#27;[32m------------------------------------------------------------The turn of Bot1 is starting -----------------------------------------------------

 &amp#27;[0m&amp#27;[37m &amp#27;[37m[Status of Bot1 : role (&amp#27;[37;1mMagicien&amp#27;[37m), &amp#27;[33m2 golds&amp#27;[37m, hand {}, city {}]
 &amp#27;[0m&amp#27;[37m Bot1 drew the following cards : {&amp#27;[33m(Palais, 5)&amp#27;[37m,&amp#27;[32m(Marche, 2)&amp#27;[37m}
 &amp#27;[0m&amp#27;[37m Bot1 choose to pick : {&amp#27;[32m(Marche, 2)&amp#27;[37m}
 &amp#27;[0m&amp#27;[37m Bot1 has now in hand: 1 districts
 &amp#27;[0m&amp#27;[37m Bot1 built a new Marche and now has 0 golds and has in hand: 0 districts
 &amp#27;[0m&amp#27;[37m &amp#27;[37m[Status of Bot1 : role (&amp#27;[37;1mMagicien&amp#27;[37m), &amp#27;[33m0 golds&amp#27;[37m, hand {}, city {(&amp#27;[32mMarche,2&amp#27;[37m)}]
 &amp#27;[0m&amp#27;[37m 
&amp#27;[32m  ------------------------------------------------------------The turn of Bot1 is over ------------------------------------------------------------------
 &amp#27;[0m&amp#27;[37m &amp#27;[32m------------------------------------------------------------The turn of Bot3 is starting -----------------------------------------------------

 &amp#27;[0m&amp#27;[37m &amp#27;[37m[Status of Bot3 : role (&amp#27;[34mEveque&amp#27;[37m), &amp#27;[33m2 golds&amp#27;[37m, hand {}, city {}]
 &amp#27;[0m&amp#27;[37m Bot3 drew the following cards : {&amp#27;[31m(Forteresse, 5)&amp#27;[37m,&amp#27;[33m(Chateau, 4)&amp#27;[37m}
 &amp#27;[0m&amp#27;[37m Bot3 choose to pick : {&amp#27;[33m(Chateau, 4)&amp#27;[37m}
 &amp#27;[0m&amp#27;[37m Bot3 has now in hand: 1 districts
 &amp#27;[0m&amp#27;[37m &amp#27;[37m[Status of Bot3 : role (&amp#27;[34mEveque&amp#27;[37m), &amp#27;[33m2 golds&amp#27;[37m, hand {(&amp#27;[33mChateau,4&amp#27;[37m)}, city {}]
 &amp#27;[0m&amp#27;[37m 
&amp#27;[32m  ------------------------------------------------------------The turn of Bot3 is over ------------------------------------------------------------------
 &amp#27;[0m&amp#27;[37m &amp#27;[32m------------------------------------------------------------The turn of Bot2 is starting -----------------------------------------------------

 &amp#27;[0m&amp#27;[37m &amp#27;[37m[Status of Bot2 : role (&amp#27;[32mMarchand&amp#27;[37m), &amp#27;[33m2 golds&amp#27;[37m, hand {}, city {}]
 &amp#27;[0m&amp#27;[37m By being a merchant, Bot2 earned 1 gold. Total golds now: 3
 &amp#27;[0m&amp#27;[37m Bot2 drew the following cards : {&amp#27;[31m(Tour de guet, 1)&amp#27;[37m,&amp#27;[32m(Comptoir, 3)&amp#27;[37m}
 &amp#27;[0m&amp#27;[37m Bot2 choose to pick : {&amp#27;[32m(Comptoir, 3)&amp#27;[37m}
 &amp#27;[0m&amp#27;[37m Bot2 has now in hand: 1 districts
 &amp#27;[0m&amp#27;[37m Bot2 built a new Comptoir and now has 0 golds and has in hand: 0 districts
 &amp#27;[0m&amp#27;[37m Bot2 has won 1 golds by marchand buildings and has now 1 golds
 &amp#27;[0m&amp#27;[37m &amp#27;[37m[Status of Bot2 : role (&amp#27;[32mMarchand&amp#27;[37m), &amp#27;[33m1 golds&amp#27;[37m, hand {}, city {(&amp#27;[32mComptoir,3&amp#27;[37m)}]
 &amp#27;[0m&amp#27;[37m 
&amp#27;[32m  ------------------------------------------------------------The turn of Bot2 is over ------------------------------------------------------------------
 &amp#27;[0m&amp#27;[37m &amp#27;[32m------------------------------------------------------------The turn of TestRobot is starting -----------------------------------------------------

 &amp#27;[0m&amp#27;[37m &amp#27;[37m[Status of TestRobot : role (&amp#27;[37;1mAssassin&amp#27;[37m), &amp#27;[33m4 golds&amp#27;[37m, hand {}, city {}]
 &amp#27;[0m&amp#27;[37m TestRobot chose to kill Magicien
 &amp#27;[0m&amp#27;[37m TestRobot earned &amp#27;[33m2 golds &amp#27;[37m. Total golds now: 6
 &amp#27;[0m&amp#27;[37m &amp#27;[37m[Status of TestRobot : role (&amp#27;[37;1mAssassin&amp#27;[37m), &amp#27;[33m6 golds&amp#27;[37m, hand {}, city {}]
 &amp#27;[0m&amp#27;[37m 
&amp#27;[32m  ------------------------------------------------------------The turn of TestRobot is over ------------------------------------------------------------------
 &amp#27;[0m&amp#27;[37m &amp#27;[32m------------------------------------------------------------The turn of Bot3 is starting -----------------------------------------------------

 &amp#27;[0m&amp#27;[37m &amp#27;[37m[Status of Bot3 : role (&amp#27;[33mRoi&amp#27;[37m), &amp#27;[33m2 golds&amp#27;[37m, hand {(&amp#27;[33mChateau,4&amp#27;[37m)}, city {}]
 &amp#27;[0m&amp#27;[37m Bot3 earned &amp#27;[33m2 golds &amp#27;[37m. Total golds now: 4
 &amp#27;[0m&amp#27;[37m Bot3 built a new Chateau and now has 0 golds and has in hand: 0 districts
 &amp#27;[0m&amp#27;[37m Bot3 has won 1 golds by noble buildings and has now 1 golds
 &amp#27;[0m&amp#27;[37m &amp#27;[37m[Status of Bot3 : role (&amp#27;[33mRoi&amp#27;[37m), &amp#27;[33m1 golds&amp#27;[37m, hand {}, city {(&amp#27;[33mChateau,4&amp#27;[37m)}]
 &amp#27;[0m&amp#27;[37m 
&amp#27;[32m  ------------------------------------------------------------The turn of Bot3 is over ------------------------------------------------------------------
 &amp#27;[0m&amp#27;[37m &amp#27;[32m------------------------------------------------------------The turn of Bot1 is starting -----------------------------------------------------

 &amp#27;[0m&amp#27;[37m &amp#27;[37m[Status of Bot1 : role (&amp#27;[37;1mArchitecte&amp#27;[37m), &amp#27;[33m0 golds&amp#27;[37m, hand {}, city {(&amp#27;[32mMarche,2&amp#27;[37m)}]
 &amp#27;[0m&amp#27;[37m Bot1 drew the following cards : {&amp#27;[35m(Observatoire, 5)&amp#27;[37m,&amp#27;[32m(Hotel de ville, 5)&amp#27;[37m,&amp#27;[34m(Eglise, 2)&amp#27;[37m,&amp#27;[34m(Temple, 1)&amp#27;[37m}
 &amp#27;[0m&amp#27;[37m Bot1 choose to pick : {&amp#27;[34m(Temple, 1)&amp#27;[37m}
 &amp#27;[0m&amp#27;[37m Bot1 has now in hand: 1 districts
 &amp#27;[0m&amp#27;[37m &amp#27;[37m[Status of Bot1 : role (&amp#27;[37;1mArchitecte&amp#27;[37m), &amp#27;[33m0 golds&amp#27;[37m, hand {(&amp#27;[34mTemple,1&amp#27;[37m)}, city {(&amp#27;[32mMarche,2&amp#27;[37m)}]
 &amp#27;[0m&amp#27;[37m 
&amp#27;[32m  ------------------------------------------------------------The turn of Bot1 is over ------------------------------------------------------------------
 &amp#27;[0m&amp#27;[37m &amp#27;[32m------------------------------------------------------------The turn of Bot2 is starting -----------------------------------------------------

 &amp#27;[0m&amp#27;[37m &amp#27;[37m[Status of Bot2 : role (&amp#27;[31mCondottiere&amp#27;[37m), &amp#27;[33m1 golds&amp#27;[37m, hand {}, city {(&amp#27;[32mComptoir,3&amp#27;[37m)}]
 &amp#27;[0m&amp#27;[37m City of Bot1 : &amp#27;[32m(Marche, 2)&amp#27;[37m
 &amp#27;[0m&amp#27;[37m Bot2 destroyed (Marche, 2) of Bot1 and now has 0 golds
 &amp#27;[0m&amp#27;[37m Bot2 drew the following cards : {&amp#27;[33m(Chateau, 4)&amp#27;[37m,&amp#27;[32m(Cour des miracles, 2)&amp#27;[37m}
 &amp#27;[0m&amp#27;[37m Bot2 choose to pick : {&amp#27;[32m(Cour des miracles, 2)&amp#27;[37m}
 &amp#27;[0m&amp#27;[37m Bot2 has now in hand: 1 districts
 &amp#27;[0m&amp#27;[37m &amp#27;[37m[Status of Bot2 : role (&amp#27;[31mCondottiere&amp#27;[37m), &amp#27;[33m0 golds&amp#27;[37m, hand {(&amp#27;[32mCour des miracles,2&amp#27;[37m)}, city {(&amp#27;[32mComptoir,3&amp#27;[37m)}]
 &amp#27;[0m&amp#27;[37m 
&amp#27;[32m  ------------------------------------------------------------The turn of Bot2 is over ------------------------------------------------------------------
 &amp#27;[0m]]></system-err>
  </testcase>
  <testcase name="testIsOpportuniste_WithNoGold_ShouldSetOpportunisteToTrue" classname="fr.cotedazur.univ.polytech.startingpoint.richardo.StrategyOpportunisteTest" time="0"/>
  <testcase name="testTryBuildOpportuniste_WithNoAppropriateDistrictInHand" classname="fr.cotedazur.univ.polytech.startingpoint.richardo.StrategyOpportunisteTest" time="0.001"/>
  <testcase name="testPickDistrictCardOpportuniste_WithSameTypeAvailable" classname="fr.cotedazur.univ.polytech.startingpoint.richardo.StrategyOpportunisteTest" time="0.001">
    <system-err><![CDATA[&amp#27;[37m TestRobot chose Monastere because it is the same type as his character.
 &amp#27;[0m]]></system-err>
  </testcase>
  <testcase name="testChooseVictimForVoleur_WithBots" classname="fr.cotedazur.univ.polytech.startingpoint.richardo.StrategyOpportunisteTest" time="0.005">
    <system-err><![CDATA[&amp#27;[37m &amp#27;[32m------------------------------------------------------------The turn of TestRobot is starting -----------------------------------------------------

 &amp#27;[0m&amp#27;[37m &amp#27;[37m[Status of TestRobot : role (&amp#27;[37;1mAssassin&amp#27;[37m), &amp#27;[33m2 golds&amp#27;[37m, hand {}, city {}]
 &amp#27;[0m&amp#27;[37m TestRobot chose to kill Condottiere
 &amp#27;[0m&amp#27;[37m TestRobot earned &amp#27;[33m2 golds &amp#27;[37m. Total golds now: 4
 &amp#27;[0m&amp#27;[37m &amp#27;[37m[Status of TestRobot : role (&amp#27;[37;1mAssassin&amp#27;[37m), &amp#27;[33m4 golds&amp#27;[37m, hand {}, city {}]
 &amp#27;[0m&amp#27;[37m 
&amp#27;[32m  ------------------------------------------------------------The turn of TestRobot is over ------------------------------------------------------------------
 &amp#27;[0m&amp#27;[37m &amp#27;[32m------------------------------------------------------------The turn of Bot1 is starting -----------------------------------------------------

 &amp#27;[0m&amp#27;[37m &amp#27;[37m[Status of Bot1 : role (&amp#27;[37;1mMagicien&amp#27;[37m), &amp#27;[33m2 golds&amp#27;[37m, hand {}, city {}]
 &amp#27;[0m&amp#27;[37m Bot1 drew the following cards : {&amp#27;[32m(Port, 4)&amp#27;[37m,&amp#27;[32m(Port, 4)&amp#27;[37m}
 &amp#27;[0m&amp#27;[37m Bot1 choose to pick : {&amp#27;[32m(Port, 4)&amp#27;[37m}
 &amp#27;[0m&amp#27;[37m Bot1 has now in hand: 1 districts
 &amp#27;[0m&amp#27;[37m &amp#27;[37m[Status of Bot1 : role (&amp#27;[37;1mMagicien&amp#27;[37m), &amp#27;[33m2 golds&amp#27;[37m, hand {(&amp#27;[32mPort,4&amp#27;[37m)}, city {}]
 &amp#27;[0m&amp#27;[37m 
&amp#27;[32m  ------------------------------------------------------------The turn of Bot1 is over ------------------------------------------------------------------
 &amp#27;[0m&amp#27;[37m &amp#27;[32m------------------------------------------------------------The turn of Bot3 is starting -----------------------------------------------------

 &amp#27;[0m&amp#27;[37m &amp#27;[37m[Status of Bot3 : role (&amp#27;[34mEveque&amp#27;[37m), &amp#27;[33m2 golds&amp#27;[37m, hand {}, city {}]
 &amp#27;[0m&amp#27;[37m Bot3 drew the following cards : {&amp#27;[33m(Chateau, 4)&amp#27;[37m,&amp#27;[32m(Marche, 2)&amp#27;[37m}
 &amp#27;[0m&amp#27;[37m Bot3 choose to pick : {&amp#27;[32m(Marche, 2)&amp#27;[37m}
 &amp#27;[0m&amp#27;[37m Bot3 has now in hand: 1 districts
 &amp#27;[0m&amp#27;[37m Bot3 built a new Marche and now has 0 golds and has in hand: 0 districts
 &amp#27;[0m&amp#27;[37m &amp#27;[37m[Status of Bot3 : role (&amp#27;[34mEveque&amp#27;[37m), &amp#27;[33m0 golds&amp#27;[37m, hand {}, city {(&amp#27;[32mMarche,2&amp#27;[37m)}]
 &amp#27;[0m&amp#27;[37m 
&amp#27;[32m  ------------------------------------------------------------The turn of Bot3 is over ------------------------------------------------------------------
 &amp#27;[0m&amp#27;[37m &amp#27;[32m------------------------------------------------------------The turn of Bot2 is starting -----------------------------------------------------

 &amp#27;[0m&amp#27;[37m &amp#27;[37m[Status of Bot2 : role (&amp#27;[32mMarchand&amp#27;[37m), &amp#27;[33m2 golds&amp#27;[37m, hand {}, city {}]
 &amp#27;[0m&amp#27;[37m By being a merchant, Bot2 earned 1 gold. Total golds now: 3
 &amp#27;[0m&amp#27;[37m Bot2 drew the following cards : {&amp#27;[35m(Universite, 6)&amp#27;[37m,&amp#27;[35m(Manufacture, 5)&amp#27;[37m}
 &amp#27;[0m&amp#27;[37m Bot2 choose to pick : {&amp#27;[35m(Manufacture, 5)&amp#27;[37m}
 &amp#27;[0m&amp#27;[37m Bot2 has now in hand: 1 districts
 &amp#27;[0m&amp#27;[37m &amp#27;[37m[Status of Bot2 : role (&amp#27;[32mMarchand&amp#27;[37m), &amp#27;[33m3 golds&amp#27;[37m, hand {(&amp#27;[35mManufacture,5&amp#27;[37m)}, city {}]
 &amp#27;[0m&amp#27;[37m 
&amp#27;[32m  ------------------------------------------------------------The turn of Bot2 is over ------------------------------------------------------------------
 &amp#27;[0m&amp#27;[37m &amp#27;[32m------------------------------------------------------------The turn of TestRobot is starting -----------------------------------------------------

 &amp#27;[0m&amp#27;[37m &amp#27;[37m[Status of TestRobot : role (&amp#27;[37;1mAssassin&amp#27;[37m), &amp#27;[33m4 golds&amp#27;[37m, hand {}, city {}]
 &amp#27;[0m&amp#27;[37m TestRobot chose to kill Magicien
 &amp#27;[0m&amp#27;[37m TestRobot earned &amp#27;[33m2 golds &amp#27;[37m. Total golds now: 6
 &amp#27;[0m&amp#27;[37m &amp#27;[37m[Status of TestRobot : role (&amp#27;[37;1mAssassin&amp#27;[37m), &amp#27;[33m6 golds&amp#27;[37m, hand {}, city {}]
 &amp#27;[0m&amp#27;[37m 
&amp#27;[32m  ------------------------------------------------------------The turn of TestRobot is over ------------------------------------------------------------------
 &amp#27;[0m&amp#27;[37m Bot1 has been killed so Bot1's turn is skipped
 &amp#27;[0m&amp#27;[37m &amp#27;[32m------------------------------------------------------------The turn of Bot3 is starting -----------------------------------------------------

 &amp#27;[0m&amp#27;[37m &amp#27;[37m[Status of Bot3 : role (&amp#27;[33mRoi&amp#27;[37m), &amp#27;[33m0 golds&amp#27;[37m, hand {}, city {(&amp#27;[32mMarche,2&amp#27;[37m)}]
 &amp#27;[0m&amp#27;[37m Bot3 drew the following cards : {&amp#27;[33m(Manoir, 3)&amp#27;[37m,&amp#27;[34m(Eglise, 2)&amp#27;[37m}
 &amp#27;[0m&amp#27;[37m Bot3 choose to pick : {&amp#27;[34m(Eglise, 2)&amp#27;[37m}
 &amp#27;[0m&amp#27;[37m Bot3 has now in hand: 1 districts
 &amp#27;[0m&amp#27;[37m &amp#27;[37m[Status of Bot3 : role (&amp#27;[33mRoi&amp#27;[37m), &amp#27;[33m0 golds&amp#27;[37m, hand {(&amp#27;[34mEglise,2&amp#27;[37m)}, city {(&amp#27;[32mMarche,2&amp#27;[37m)}]
 &amp#27;[0m&amp#27;[37m 
&amp#27;[32m  ------------------------------------------------------------The turn of Bot3 is over ------------------------------------------------------------------
 &amp#27;[0m&amp#27;[37m &amp#27;[32m------------------------------------------------------------The turn of Bot2 is starting -----------------------------------------------------

 &amp#27;[0m&amp#27;[37m &amp#27;[37m[Status of Bot2 : role (&amp#27;[31mCondottiere&amp#27;[37m), &amp#27;[33m3 golds&amp#27;[37m, hand {(&amp#27;[35mManufacture,5&amp#27;[37m)}, city {}]
 &amp#27;[0m&amp#27;[37m City of Bot3 : &amp#27;[32m(Marche, 2)&amp#27;[37m
 &amp#27;[0m&amp#27;[37m Bot2 destroyed (Marche, 2) of Bot3 and now has 2 golds
 &amp#27;[0m&amp#27;[37m Bot2 earned &amp#27;[33m2 golds &amp#27;[37m. Total golds now: 4
 &amp#27;[0m&amp#27;[37m &amp#27;[37m[Status of Bot2 : role (&amp#27;[31mCondottiere&amp#27;[37m), &amp#27;[33m4 golds&amp#27;[37m, hand {(&amp#27;[35mManufacture,5&amp#27;[37m)}, city {}]
 &amp#27;[0m&amp#27;[37m 
&amp#27;[32m  ------------------------------------------------------------The turn of Bot2 is over ------------------------------------------------------------------
 &amp#27;[0m]]></system-err>
  </testcase>
  <testcase name="testPickDistrictCardOpportuniste_WithSpecialDistrictAvailable_ShouldReturnEmptyList" classname="fr.cotedazur.univ.polytech.startingpoint.richardo.StrategyOpportunisteTest" time="0.001">
    <system-err><![CDATA[&amp#27;[37m TestRobot chose Palais because it is not in his hand or city.
 &amp#27;[0m]]></system-err>
  </testcase>
  <testcase name="testPickOpportuniste_PrioritizesEveque" classname="fr.cotedazur.univ.polytech.startingpoint.richardo.StrategyOpportunisteTest" time="0.001">
    <system-err><![CDATA[&amp#27;[37m testRobot prioritizes EVEQUE
 &amp#27;[0m]]></system-err>
  </testcase>
  <testcase name="testPickOpportuniste_ReturnFalse" classname="fr.cotedazur.univ.polytech.startingpoint.richardo.StrategyOpportunisteTest" time="0.002"/>
  <testcase name="testPickOpportuniste_PrioritizesVoleur" classname="fr.cotedazur.univ.polytech.startingpoint.richardo.StrategyOpportunisteTest" time="0.001">
    <system-err><![CDATA[&amp#27;[37m testRobot prioritizes VOLEUR
 &amp#27;[0m]]></system-err>
  </testcase>
  <testcase name="testIsOpportuniste_WithSixDistrictsInCity_ShouldSetOpportunisteToTrue" classname="fr.cotedazur.univ.polytech.startingpoint.richardo.StrategyOpportunisteTest" time="0.001"/>
</testsuite>